Log file open, 09/26/19 13:53:16
LogWindows: Failed to load 'aqProf.dll' (GetLastError=126)
LogWindows: File 'aqProf.dll' does not exist
LogWindows: Failed to load 'VtuneApi.dll' (GetLastError=126)
LogWindows: File 'VtuneApi.dll' does not exist
LogWindows: Failed to load 'VtuneApi32e.dll' (GetLastError=126)
LogWindows: File 'VtuneApi32e.dll' does not exist
LogConsoleResponse: Display: Failed to find resolution value strings in scalability ini. Falling back to default.
LogInit: Display: Running engine for game: Rec15Escape
LogPlatformFile: Not using cached read wrapper
LogTaskGraph: Started task graph with 5 named threads and 23 total threads with 3 sets of task threads.
LogStats: Stats thread started at 0.065836
LogD3D11RHI: Loaded GFSDK_Aftermath_Lib.x64.dll
LogICUInternationalization: ICU TimeZone Detection - Raw Offset: -5:00, Platform Override: ''
LogPluginManager: Mounting plugin Paper2D
LogPluginManager: Mounting plugin AISupport
LogPluginManager: Mounting plugin LightPropagationVolume
LogPluginManager: Mounting plugin ActorLayerUtilities
LogPluginManager: Mounting plugin AnimationSharing
LogPluginManager: Mounting plugin CLionSourceCodeAccess
LogPluginManager: Mounting plugin CodeLiteSourceCodeAccess
LogPluginManager: Mounting plugin GitSourceControl
LogPluginManager: Mounting plugin KDevelopSourceCodeAccess
LogPluginManager: Mounting plugin NullSourceCodeAccess
LogPluginManager: Mounting plugin PerforceSourceControl
LogPluginManager: Mounting plugin SubversionSourceControl
LogPluginManager: Mounting plugin UObjectPlugin
LogPluginManager: Mounting plugin VisualStudioCodeSourceCodeAccess
LogPluginManager: Mounting plugin VisualStudioSourceCodeAccess
LogPluginManager: Mounting plugin XCodeSourceCodeAccess
LogPluginManager: Mounting plugin AssetManagerEditor
LogPluginManager: Mounting plugin CryptoKeys
LogPluginManager: Mounting plugin CurveEditorTools
LogPluginManager: Mounting plugin DataValidation
LogPluginManager: Mounting plugin FacialAnimation
LogPluginManager: Mounting plugin GameplayTagsEditor
LogPluginManager: Mounting plugin MacGraphicsSwitching
LogPluginManager: Mounting plugin MaterialAnalyzer
LogPluginManager: Mounting plugin MobileLauncherProfileWizard
LogPluginManager: Mounting plugin PluginBrowser
LogPluginManager: Mounting plugin SpeedTreeImporter
LogPluginManager: Mounting plugin DatasmithContent
LogPluginManager: Mounting plugin VariantManagerContent
LogPluginManager: Mounting plugin AlembicImporter
LogPluginManager: Mounting plugin AutomationUtils
LogPluginManager: Mounting plugin BackChannel
LogPluginManager: Mounting plugin CharacterAI
LogPluginManager: Mounting plugin GeometryCache
LogPluginManager: Mounting plugin HTML5Networking
LogPluginManager: Mounting plugin PlatformCrypto
LogPluginManager: Mounting plugin ProxyLODPlugin
LogPluginManager: Mounting plugin SkeletalReduction
LogPluginManager: Mounting plugin MagicLeap
LogPluginManager: Mounting plugin MagicLeapMedia
LogPluginManager: Mounting plugin AndroidMedia
LogPluginManager: Mounting plugin AvfMedia
LogPluginManager: Mounting plugin ImgMedia
LogPluginManager: Mounting plugin MediaCompositing
LogPluginManager: Mounting plugin MediaPlayerEditor
LogPluginManager: Mounting plugin WebMMedia
LogPluginManager: Mounting plugin WmfMedia
LogPluginManager: Mounting plugin TcpMessaging
LogPluginManager: Mounting plugin UdpMessaging
LogPluginManager: Mounting plugin ActorSequence
LogPluginManager: Mounting plugin LevelSequenceEditor
LogPluginManager: Mounting plugin MatineeToLevelSequence
LogPluginManager: Mounting plugin NetcodeUnitTest
LogPluginManager: Mounting plugin NUTUnrealEngine4
LogPluginManager: Mounting plugin OnlineSubsystemGooglePlay
LogPluginManager: Mounting plugin OnlineSubsystemIOS
LogPluginManager: Mounting plugin OnlineSubsystem
LogPluginManager: Mounting plugin OnlineSubsystemNull
LogPluginManager: Mounting plugin OnlineSubsystemUtils
LogPluginManager: Mounting plugin LauncherChunkInstaller
LogPluginManager: Mounting plugin AndroidDeviceProfileSelector
LogPluginManager: Mounting plugin AndroidMoviePlayer
LogPluginManager: Mounting plugin AndroidPermission
LogPluginManager: Mounting plugin AppleImageUtils
LogPluginManager: Mounting plugin AppleMoviePlayer
LogPluginManager: Mounting plugin ArchVisCharacter
LogPluginManager: Mounting plugin AudioCapture
LogPluginManager: Mounting plugin CableComponent
LogPluginManager: Mounting plugin CustomMeshComponent
LogPluginManager: Mounting plugin EditableMesh
LogPluginManager: Mounting plugin ExampleDeviceProfileSelector
LogPluginManager: Mounting plugin GoogleCloudMessaging
LogPluginManager: Mounting plugin IOSDeviceProfileSelector
LogPluginManager: Mounting plugin LinuxDeviceProfileSelector
LogPluginManager: Mounting plugin LocationServicesBPLibrary
LogPluginManager: Mounting plugin MobilePatchingUtils
LogPluginManager: Mounting plugin OculusVR
LogPluginManager: Mounting plugin PhysXVehicles
LogPluginManager: Mounting plugin ProceduralMeshComponent
LogPluginManager: Mounting plugin RuntimePhysXCooking
LogPluginManager: Mounting plugin SignificanceManager
LogPluginManager: Mounting plugin SteamVR
LogPluginManager: Mounting plugin WebMMoviePlayer
LogPluginManager: Mounting plugin WindowsMoviePlayer
LogPluginManager: Mounting plugin ScreenshotTools
LogInit: Using libcurl 7.55.1-DEV
LogInit:  - built for x86_64-pc-win32
LogInit:  - supports SSL with OpenSSL/1.1.1
LogInit:  - supports HTTP deflate (compression) using libz 1.2.8
LogInit:  - other features:
LogInit:      CURL_VERSION_SSL
LogInit:      CURL_VERSION_LIBZ
LogInit:      CURL_VERSION_IPV6
LogInit:      CURL_VERSION_ASYNCHDNS
LogInit:      CURL_VERSION_LARGEFILE
LogInit:      CURL_VERSION_IDN
LogInit:  CurlRequestOptions (configurable via config and command line):
LogInit:  - bVerifyPeer = true  - Libcurl will verify peer certificate
LogInit:  - bUseHttpProxy = false  - Libcurl will NOT use HTTP proxy
LogInit:  - bDontReuseConnections = false  - Libcurl will reuse connections
LogInit:  - MaxHostConnections = 16  - Libcurl will limit the number of connections to a host
LogInit:  - LocalHostAddr = Default
LogInit:  - BufferSize = 65536
LogOnline: OSS: Creating online subsystem instance for: NULL
LogInit: WinSock: version 1.1 (2.2), MaxSocks=32767, MaxUdp=65467
LogInit: Build: ++UE4+Release-4.23-CL-8386587
LogInit: Engine Version: 4.23.0-8386587+++UE4+Release-4.23
LogInit: Compatible Engine Version: 4.23.0-8386587+++UE4+Release-4.23
LogInit: Net CL: 8386587
LogInit: OS: Windows 10 (Release 1903) (), CPU: Intel(R) Core(TM) i7-7700 CPU @ 3.60GHz, GPU: NVIDIA GeForce GTX 1070
LogInit: Compiled (64-bit): Aug 31 2019 02:04:44
LogInit: Compiled with Visual C++: 19.16.27030.01
LogInit: Build Configuration: Development
LogInit: Branch Name: ++UE4+Release-4.23
LogInit: Command Line: 
LogInit: Base Directory: C:/Program Files/Epic Games/UE_4.23/Engine/Binaries/Win64/
LogInit: Installed Engine Build: 1
LogDevObjectVersion: Number of dev versions registered: 23
LogDevObjectVersion:   Dev-Blueprints (B0D832E4-1F89-4F0D-ACCF-7EB736FD4AA2): 10
LogDevObjectVersion:   Dev-Build (E1C64328-A22C-4D53-A36C-8E866417BD8C): 0
LogDevObjectVersion:   Dev-Core (375EC13C-06E4-48FB-B500-84F0262A717E): 3
LogDevObjectVersion:   Dev-Editor (E4B068ED-F494-42E9-A231-DA0B2E46BB41): 34
LogDevObjectVersion:   Dev-Framework (CFFC743F-43B0-4480-9391-14DF171D2073): 35
LogDevObjectVersion:   Dev-Mobile (B02B49B5-BB20-44E9-A304-32B752E40360): 2
LogDevObjectVersion:   Dev-Networking (A4E4105C-59A1-49B5-A7C5-40C4547EDFEE): 0
LogDevObjectVersion:   Dev-Online (39C831C9-5AE6-47DC-9A44-9C173E1C8E7C): 0
LogDevObjectVersion:   Dev-Physics (78F01B33-EBEA-4F98-B9B4-84EACCB95AA2): 0
LogDevObjectVersion:   Dev-Platform (6631380F-2D4D-43E0-8009-CF276956A95A): 0
LogDevObjectVersion:   Dev-Rendering (12F88B9F-8875-4AFC-A67C-D90C383ABD29): 31
LogDevObjectVersion:   Dev-Sequencer (7B5AE74C-D270-4C10-A958-57980B212A5A): 11
LogDevObjectVersion:   Dev-VR (D7296918-1DD6-4BDD-9DE2-64A83CC13884): 2
LogDevObjectVersion:   Dev-LoadTimes (C2A15278-BFE7-4AFE-6C17-90FF531DF755): 1
LogDevObjectVersion:   Private-Geometry (6EACA3D4-40EC-4CC1-B786-8BED09428FC5): 3
LogDevObjectVersion:   Dev-AnimPhys (29E575DD-E0A3-4627-9D10-D276232CDCEA): 17
LogDevObjectVersion:   Dev-Anim (AF43A65D-7FD3-4947-9873-3E8ED9C1BB05): 2
LogDevObjectVersion:   Dev-ReflectionCapture (6B266CEC-1EC7-4B8F-A30B-E4D90942FC07): 1
LogDevObjectVersion:   Dev-Automation (0DF73D61-A23F-47EA-B727-89E90C41499A): 1
LogDevObjectVersion:   FortniteMain (601D1886-AC64-4F84-AA16-D3DE0DEAC7D6): 27
LogDevObjectVersion:   Dev-Enterprise (9DFFBCD6-494F-0158-E221-12823C92A888): 6
LogDevObjectVersion:   Dev-Niagara (F2AED0AC-9AFE-416F-8664-AA7FFA26D6FC): 1
LogDevObjectVersion:   Dev-Destruction (174F1F0B-B4C6-45A5-B13F-2EE8D0FB917D): 9
LogInit: Presizing for max 16777216 objects, including 0 objects not considered by GC, pre-allocating 0 bytes for permanent pool.
LogInit: Object subsystem initialized
LogConfig: Setting CVar [[con.DebugEarlyDefault:1]]
LogConfig: Setting CVar [[r.setres:1280x720]]
[2019.09.26-17.53.16:822][  0]LogConfig: Setting CVar [[r.VSync:0]]
[2019.09.26-17.53.16:822][  0]LogConfig: Setting CVar [[r.RHICmdBypass:0]]
[2019.09.26-17.53.16:822][  0]LogConfig: Applying CVar settings from Section [/Script/Engine.RendererSettings] File [C:/Users/ngilston/Documents/Unreal Projects/Rec15Escape/Saved/Config/Windows/Engine.ini]
[2019.09.26-17.53.16:822][  0]LogConfig: Setting CVar [[r.GPUCrashDebugging:0]]
[2019.09.26-17.53.16:822][  0]LogConfig: Applying CVar settings from Section [/Script/Engine.RendererOverrideSettings] File [C:/Users/ngilston/Documents/Unreal Projects/Rec15Escape/Saved/Config/Windows/Engine.ini]
[2019.09.26-17.53.16:822][  0]LogConfig: Applying CVar settings from Section [/Script/Engine.StreamingSettings] File [C:/Users/ngilston/Documents/Unreal Projects/Rec15Escape/Saved/Config/Windows/Engine.ini]
[2019.09.26-17.53.16:822][  0]LogConfig: Setting CVar [[s.MinBulkDataSizeForAsyncLoading:131072]]
[2019.09.26-17.53.16:822][  0]LogConfig: Setting CVar [[s.AsyncLoadingThreadEnabled:0]]
[2019.09.26-17.53.16:822][  0]LogConfig: Setting CVar [[s.EventDrivenLoaderEnabled:1]]
[2019.09.26-17.53.16:822][  0]LogConfig: Setting CVar [[s.WarnIfTimeLimitExceeded:0]]
[2019.09.26-17.53.16:822][  0]LogConfig: Setting CVar [[s.TimeLimitExceededMultiplier:1.5]]
[2019.09.26-17.53.16:822][  0]LogConfig: Setting CVar [[s.TimeLimitExceededMinTime:0.005]]
[2019.09.26-17.53.16:822][  0]LogConfig: Setting CVar [[s.UseBackgroundLevelStreaming:1]]
[2019.09.26-17.53.16:822][  0]LogConfig: Setting CVar [[s.PriorityAsyncLoadingExtraTime:15.0]]
[2019.09.26-17.53.16:822][  0]LogConfig: Setting CVar [[s.LevelStreamingActorsUpdateTimeLimit:5.0]]
[2019.09.26-17.53.16:822][  0]LogConfig: Setting CVar [[s.PriorityLevelStreamingActorsUpdateExtraTime:5.0]]
[2019.09.26-17.53.16:822][  0]LogConfig: Setting CVar [[s.LevelStreamingComponentsRegistrationGranularity:10]]
[2019.09.26-17.53.16:822][  0]LogConfig: Setting CVar [[s.UnregisterComponentsTimeLimit:1.0]]
[2019.09.26-17.53.16:822][  0]LogConfig: Setting CVar [[s.LevelStreamingComponentsUnregistrationGranularity:5]]
[2019.09.26-17.53.16:822][  0]LogConfig: Applying CVar settings from Section [/Script/Engine.GarbageCollectionSettings] File [C:/Users/ngilston/Documents/Unreal Projects/Rec15Escape/Saved/Config/Windows/Engine.ini]
[2019.09.26-17.53.16:822][  0]LogConfig: Setting CVar [[gc.MaxObjectsNotConsideredByGC:1]]
[2019.09.26-17.53.16:822][  0]LogConfig: Setting CVar [[gc.SizeOfPermanentObjectPool:0]]
[2019.09.26-17.53.16:822][  0]LogConfig: Setting CVar [[gc.FlushStreamingOnGC:0]]
[2019.09.26-17.53.16:822][  0]LogConfig: Setting CVar [[gc.NumRetriesBeforeForcingGC:10]]
[2019.09.26-17.53.16:822][  0]LogConfig: Setting CVar [[gc.AllowParallelGC:1]]
[2019.09.26-17.53.16:822][  0]LogConfig: Setting CVar [[gc.TimeBetweenPurgingPendingKillObjects:61.1]]
[2019.09.26-17.53.16:822][  0]LogConfig: Setting CVar [[gc.MaxObjectsInEditor:16777216]]
[2019.09.26-17.53.16:822][  0]LogConfig: Setting CVar [[gc.IncrementalBeginDestroyEnabled:1]]
[2019.09.26-17.53.16:822][  0]LogConfig: Setting CVar [[gc.CreateGCClusters:1]]
[2019.09.26-17.53.16:822][  0]LogConfig: Setting CVar [[gc.MinGCClusterSize:5]]
[2019.09.26-17.53.16:822][  0]LogConfig: Setting CVar [[gc.ActorClusteringEnabled:0]]
[2019.09.26-17.53.16:822][  0]LogConfig: Setting CVar [[gc.BlueprintClusteringEnabled:0]]
[2019.09.26-17.53.16:822][  0]LogConfig: Setting CVar [[gc.UseDisregardForGCOnDedicatedServers:0]]
[2019.09.26-17.53.16:822][  0]LogConfig: Applying CVar settings from Section [/Script/Engine.NetworkSettings] File [C:/Users/ngilston/Documents/Unreal Projects/Rec15Escape/Saved/Config/Windows/Engine.ini]
[2019.09.26-17.53.16:822][  0]LogConfig: Applying CVar settings from Section [/Script/UnrealEd.CookerSettings] File [C:/Users/ngilston/Documents/Unreal Projects/Rec15Escape/Saved/Config/Windows/Engine.ini]
[2019.09.26-17.53.16:824][  0]LogConfig: Applying CVar settings from Section [ViewDistanceQuality@3] File [C:/Users/ngilston/Documents/Unreal Projects/Rec15Escape/Saved/Config/Windows/Scalability.ini]
[2019.09.26-17.53.16:824][  0]LogConfig: Setting CVar [[r.SkeletalMeshLODBias:0]]
[2019.09.26-17.53.16:824][  0]LogConfig: Setting CVar [[r.ViewDistanceScale:1.0]]
[2019.09.26-17.53.16:824][  0]LogConfig: Applying CVar settings from Section [AntiAliasingQuality@3] File [C:/Users/ngilston/Documents/Unreal Projects/Rec15Escape/Saved/Config/Windows/Scalability.ini]
[2019.09.26-17.53.16:824][  0]LogConfig: Setting CVar [[r.PostProcessAAQuality:4]]
[2019.09.26-17.53.16:824][  0]LogConfig: Applying CVar settings from Section [ShadowQuality@3] File [C:/Users/ngilston/Documents/Unreal Projects/Rec15Escape/Saved/Config/Windows/Scalability.ini]
[2019.09.26-17.53.16:824][  0]LogConfig: Setting CVar [[r.LightFunctionQuality:1]]
[2019.09.26-17.53.16:824][  0]LogConfig: Setting CVar [[r.ShadowQuality:5]]
[2019.09.26-17.53.16:824][  0]LogConfig: Setting CVar [[r.Shadow.CSM.MaxCascades:10]]
[2019.09.26-17.53.16:824][  0]LogConfig: Setting CVar [[r.Shadow.MaxResolution:2048]]
[2019.09.26-17.53.16:824][  0]LogConfig: Setting CVar [[r.Shadow.MaxCSMResolution:2048]]
[2019.09.26-17.53.16:824][  0]LogConfig: Setting CVar [[r.Shadow.RadiusThreshold:0.01]]
[2019.09.26-17.53.16:824][  0]LogConfig: Setting CVar [[r.Shadow.DistanceScale:1.0]]
[2019.09.26-17.53.16:824][  0]LogConfig: Setting CVar [[r.Shadow.CSM.TransitionScale:1.0]]
[2019.09.26-17.53.16:824][  0]LogConfig: Setting CVar [[r.Shadow.PreShadowResolutionFactor:1.0]]
[2019.09.26-17.53.16:824][  0]LogConfig: Setting CVar [[r.DistanceFieldShadowing:1]]
[2019.09.26-17.53.16:824][  0]LogConfig: Setting CVar [[r.DistanceFieldAO:1]]
[2019.09.26-17.53.16:825][  0]LogConfig: Setting CVar [[r.AOQuality:2]]
[2019.09.26-17.53.16:825][  0]LogConfig: Setting CVar [[r.VolumetricFog:1]]
[2019.09.26-17.53.16:825][  0]LogConfig: Setting CVar [[r.VolumetricFog.GridPixelSize:8]]
[2019.09.26-17.53.16:825][  0]LogConfig: Setting CVar [[r.VolumetricFog.GridSizeZ:128]]
[2019.09.26-17.53.16:825][  0]LogConfig: Setting CVar [[r.VolumetricFog.HistoryMissSupersampleCount:4]]
[2019.09.26-17.53.16:825][  0]LogConfig: Setting CVar [[r.LightMaxDrawDistanceScale:1]]
[2019.09.26-17.53.16:825][  0]LogConfig: Setting CVar [[r.CapsuleShadows:1]]
[2019.09.26-17.53.16:825][  0]LogConfig: Applying CVar settings from Section [PostProcessQuality@3] File [C:/Users/ngilston/Documents/Unreal Projects/Rec15Escape/Saved/Config/Windows/Scalability.ini]
[2019.09.26-17.53.16:825][  0]LogConfig: Setting CVar [[r.MotionBlurQuality:4]]
[2019.09.26-17.53.16:825][  0]LogConfig: Setting CVar [[r.AmbientOcclusionMipLevelFactor:0.4]]
[2019.09.26-17.53.16:825][  0]LogConfig: Setting CVar [[r.AmbientOcclusionMaxQuality:100]]
[2019.09.26-17.53.16:825][  0]LogConfig: Setting CVar [[r.AmbientOcclusionLevels:-1]]
[2019.09.26-17.53.16:825][  0]LogConfig: Setting CVar [[r.AmbientOcclusionRadiusScale:1.0]]
[2019.09.26-17.53.16:825][  0]LogConfig: Setting CVar [[r.DepthOfFieldQuality:2]]
[2019.09.26-17.53.16:825][  0]LogConfig: Setting CVar [[r.RenderTargetPoolMin:400]]
[2019.09.26-17.53.16:825][  0]LogConfig: Setting CVar [[r.LensFlareQuality:2]]
[2019.09.26-17.53.16:825][  0]LogConfig: Setting CVar [[r.SceneColorFringeQuality:1]]
[2019.09.26-17.53.16:825][  0]LogConfig: Setting CVar [[r.EyeAdaptationQuality:2]]
[2019.09.26-17.53.16:825][  0]LogConfig: Setting CVar [[r.BloomQuality:5]]
[2019.09.26-17.53.16:825][  0]LogConfig: Setting CVar [[r.FastBlurThreshold:100]]
[2019.09.26-17.53.16:825][  0]LogConfig: Setting CVar [[r.Upscale.Quality:3]]
[2019.09.26-17.53.16:825][  0]LogConfig: Setting CVar [[r.Tonemapper.GrainQuantization:1]]
[2019.09.26-17.53.16:825][  0]LogConfig: Setting CVar [[r.LightShaftQuality:1]]
[2019.09.26-17.53.16:825][  0]LogConfig: Setting CVar [[r.Filter.SizeScale:1]]
[2019.09.26-17.53.16:825][  0]LogConfig: Setting CVar [[r.Tonemapper.Quality:5]]
[2019.09.26-17.53.16:825][  0]LogConfig: Setting CVar [[r.DOF.Gather.AccumulatorQuality:1        ; higher gathering accumulator quality]]
[2019.09.26-17.53.16:825][  0]LogConfig: Setting CVar [[r.DOF.Gather.PostfilterMethod:1          ; Median3x3 postfilering method]]
[2019.09.26-17.53.16:825][  0]LogConfig: Setting CVar [[r.DOF.Gather.EnableBokehSettings:0       ; no bokeh simulation when gathering]]
[2019.09.26-17.53.16:825][  0]LogConfig: Setting CVar [[r.DOF.Gather.RingCount:4                 ; medium number of samples when gathering]]
[2019.09.26-17.53.16:825][  0]LogConfig: Setting CVar [[r.DOF.Scatter.ForegroundCompositing:1    ; additive foreground scattering]]
[2019.09.26-17.53.16:825][  0]LogConfig: Setting CVar [[r.DOF.Scatter.BackgroundCompositing:2    ; additive background scattering]]
[2019.09.26-17.53.16:825][  0]LogConfig: Setting CVar [[r.DOF.Scatter.EnableBokehSettings:1      ; bokeh simulation when scattering]]
[2019.09.26-17.53.16:825][  0]LogConfig: Setting CVar [[r.DOF.Scatter.MaxSpriteRatio:0.1         ; only a maximum of 10% of scattered bokeh]]
[2019.09.26-17.53.16:825][  0]LogConfig: Setting CVar [[r.DOF.Recombine.Quality:1                ; cheap slight out of focus]]
[2019.09.26-17.53.16:825][  0]LogConfig: Setting CVar [[r.DOF.Recombine.EnableBokehSettings:0    ; no bokeh simulation on slight out of focus]]
[2019.09.26-17.53.16:825][  0]LogConfig: Setting CVar [[r.DOF.TemporalAAQuality:1                ; more stable temporal accumulation]]
[2019.09.26-17.53.16:825][  0]LogConfig: Setting CVar [[r.DOF.Kernel.MaxForegroundRadius:0.025]]
[2019.09.26-17.53.16:825][  0]LogConfig: Setting CVar [[r.DOF.Kernel.MaxBackgroundRadius:0.025]]
[2019.09.26-17.53.16:825][  0]LogConfig: Applying CVar settings from Section [TextureQuality@3] File [C:/Users/ngilston/Documents/Unreal Projects/Rec15Escape/Saved/Config/Windows/Scalability.ini]
[2019.09.26-17.53.16:825][  0]LogConfig: Setting CVar [[r.Streaming.MipBias:0]]
[2019.09.26-17.53.16:825][  0]LogConfig: Setting CVar [[r.Streaming.AmortizeCPUToGPUCopy:0]]
[2019.09.26-17.53.16:825][  0]LogConfig: Setting CVar [[r.Streaming.MaxNumTexturesToStreamPerFrame:0]]
[2019.09.26-17.53.16:825][  0]LogConfig: Setting CVar [[r.Streaming.Boost:1]]
[2019.09.26-17.53.16:825][  0]LogConfig: Setting CVar [[r.MaxAnisotropy:8]]
[2019.09.26-17.53.16:825][  0]LogConfig: Setting CVar [[r.Streaming.LimitPoolSizeToVRAM:0]]
[2019.09.26-17.53.16:825][  0]LogConfig: Setting CVar [[r.Streaming.PoolSize:1000]]
[2019.09.26-17.53.16:825][  0]LogConfig: Setting CVar [[r.Streaming.MaxEffectiveScreenSize:0]]
[2019.09.26-17.53.16:825][  0]LogConfig: Applying CVar settings from Section [EffectsQuality@3] File [C:/Users/ngilston/Documents/Unreal Projects/Rec15Escape/Saved/Config/Windows/Scalability.ini]
[2019.09.26-17.53.16:825][  0]LogConfig: Setting CVar [[r.TranslucencyLightingVolumeDim:64]]
[2019.09.26-17.53.16:825][  0]LogConfig: Setting CVar [[r.RefractionQuality:2]]
[2019.09.26-17.53.16:825][  0]LogConfig: Setting CVar [[r.SSR.Quality:3]]
[2019.09.26-17.53.16:825][  0]LogConfig: Setting CVar [[r.SceneColorFormat:4]]
[2019.09.26-17.53.16:825][  0]LogConfig: Setting CVar [[r.DetailMode:2]]
[2019.09.26-17.53.16:825][  0]LogConfig: Setting CVar [[r.TranslucencyVolumeBlur:1]]
[2019.09.26-17.53.16:825][  0]LogConfig: Setting CVar [[r.MaterialQualityLevel:1 ; High quality]]
[2019.09.26-17.53.16:825][  0]LogConfig: Setting CVar [[r.SSS.Scale:1]]
[2019.09.26-17.53.16:825][  0]LogConfig: Setting CVar [[r.SSS.SampleSet:2]]
[2019.09.26-17.53.16:825][  0]LogConfig: Setting CVar [[r.SSS.Quality:1]]
[2019.09.26-17.53.16:825][  0]LogConfig: Setting CVar [[r.SSS.HalfRes:1]]
[2019.09.26-17.53.16:825][  0]LogConfig: Setting CVar [[r.EmitterSpawnRateScale:1.0]]
[2019.09.26-17.53.16:825][  0]LogConfig: Setting CVar [[r.ParticleLightQuality:2]]
[2019.09.26-17.53.16:825][  0]LogConfig: Applying CVar settings from Section [FoliageQuality@3] File [C:/Users/ngilston/Documents/Unreal Projects/Rec15Escape/Saved/Config/Windows/Scalability.ini]
[2019.09.26-17.53.16:825][  0]LogConfig: Setting CVar [[foliage.DensityScale:1.0]]
[2019.09.26-17.53.16:825][  0]LogConfig: Setting CVar [[grass.DensityScale:1.0]]
[2019.09.26-17.53.16:825][  0]LogInit: Selected Device Profile: [Windows]
[2019.09.26-17.53.16:825][  0]LogInit: Applying CVar settings loaded from the selected device profile: [Windows]
[2019.09.26-17.53.16:828][  0]LogHAL: Display: Platform has ~ 32 GB [34301571072 / 34359738368 / 32], which maps to Largest [LargestMinGB=32, LargerMinGB=12, DefaultMinGB=8, SmallerMinGB=6, SmallestMinGB=0)
[2019.09.26-17.53.16:828][  0]LogInit: Going up to parent DeviceProfile []
[2019.09.26-17.53.16:828][  0]LogConfig: Applying CVar settings from Section [ViewDistanceQuality@3] File [C:/Users/ngilston/Documents/Unreal Projects/Rec15Escape/Saved/Config/Windows/Scalability.ini]
[2019.09.26-17.53.16:828][  0]LogConfig: Setting CVar [[r.SkeletalMeshLODBias:0]]
[2019.09.26-17.53.16:828][  0]LogConfig: Setting CVar [[r.ViewDistanceScale:1.0]]
[2019.09.26-17.53.16:828][  0]LogConfig: Applying CVar settings from Section [AntiAliasingQuality@3] File [C:/Users/ngilston/Documents/Unreal Projects/Rec15Escape/Saved/Config/Windows/Scalability.ini]
[2019.09.26-17.53.16:828][  0]LogConfig: Setting CVar [[r.PostProcessAAQuality:4]]
[2019.09.26-17.53.16:828][  0]LogConfig: Applying CVar settings from Section [ShadowQuality@3] File [C:/Users/ngilston/Documents/Unreal Projects/Rec15Escape/Saved/Config/Windows/Scalability.ini]
[2019.09.26-17.53.16:828][  0]LogConfig: Setting CVar [[r.LightFunctionQuality:1]]
[2019.09.26-17.53.16:828][  0]LogConfig: Setting CVar [[r.ShadowQuality:5]]
[2019.09.26-17.53.16:828][  0]LogConfig: Setting CVar [[r.Shadow.CSM.MaxCascades:10]]
[2019.09.26-17.53.16:828][  0]LogConfig: Setting CVar [[r.Shadow.MaxResolution:2048]]
[2019.09.26-17.53.16:828][  0]LogConfig: Setting CVar [[r.Shadow.MaxCSMResolution:2048]]
[2019.09.26-17.53.16:828][  0]LogConfig: Setting CVar [[r.Shadow.RadiusThreshold:0.01]]
[2019.09.26-17.53.16:828][  0]LogConfig: Setting CVar [[r.Shadow.DistanceScale:1.0]]
[2019.09.26-17.53.16:828][  0]LogConfig: Setting CVar [[r.Shadow.CSM.TransitionScale:1.0]]
[2019.09.26-17.53.16:828][  0]LogConfig: Setting CVar [[r.Shadow.PreShadowResolutionFactor:1.0]]
[2019.09.26-17.53.16:828][  0]LogConfig: Setting CVar [[r.DistanceFieldShadowing:1]]
[2019.09.26-17.53.16:828][  0]LogConfig: Setting CVar [[r.DistanceFieldAO:1]]
[2019.09.26-17.53.16:828][  0]LogConfig: Setting CVar [[r.AOQuality:2]]
[2019.09.26-17.53.16:828][  0]LogConfig: Setting CVar [[r.VolumetricFog:1]]
[2019.09.26-17.53.16:828][  0]LogConfig: Setting CVar [[r.VolumetricFog.GridPixelSize:8]]
[2019.09.26-17.53.16:828][  0]LogConfig: Setting CVar [[r.VolumetricFog.GridSizeZ:128]]
[2019.09.26-17.53.16:828][  0]LogConfig: Setting CVar [[r.VolumetricFog.HistoryMissSupersampleCount:4]]
[2019.09.26-17.53.16:828][  0]LogConfig: Setting CVar [[r.LightMaxDrawDistanceScale:1]]
[2019.09.26-17.53.16:828][  0]LogConfig: Setting CVar [[r.CapsuleShadows:1]]
[2019.09.26-17.53.16:828][  0]LogConfig: Applying CVar settings from Section [PostProcessQuality@3] File [C:/Users/ngilston/Documents/Unreal Projects/Rec15Escape/Saved/Config/Windows/Scalability.ini]
[2019.09.26-17.53.16:828][  0]LogConfig: Setting CVar [[r.MotionBlurQuality:4]]
[2019.09.26-17.53.16:828][  0]LogConfig: Setting CVar [[r.AmbientOcclusionMipLevelFactor:0.4]]
[2019.09.26-17.53.16:828][  0]LogConfig: Setting CVar [[r.AmbientOcclusionMaxQuality:100]]
[2019.09.26-17.53.16:828][  0]LogConfig: Setting CVar [[r.AmbientOcclusionLevels:-1]]
[2019.09.26-17.53.16:828][  0]LogConfig: Setting CVar [[r.AmbientOcclusionRadiusScale:1.0]]
[2019.09.26-17.53.16:828][  0]LogConfig: Setting CVar [[r.DepthOfFieldQuality:2]]
[2019.09.26-17.53.16:828][  0]LogConfig: Setting CVar [[r.RenderTargetPoolMin:400]]
[2019.09.26-17.53.16:828][  0]LogConfig: Setting CVar [[r.LensFlareQuality:2]]
[2019.09.26-17.53.16:828][  0]LogConfig: Setting CVar [[r.SceneColorFringeQuality:1]]
[2019.09.26-17.53.16:828][  0]LogConfig: Setting CVar [[r.EyeAdaptationQuality:2]]
[2019.09.26-17.53.16:828][  0]LogConfig: Setting CVar [[r.BloomQuality:5]]
[2019.09.26-17.53.16:828][  0]LogConfig: Setting CVar [[r.FastBlurThreshold:100]]
[2019.09.26-17.53.16:828][  0]LogConfig: Setting CVar [[r.Upscale.Quality:3]]
[2019.09.26-17.53.16:828][  0]LogConfig: Setting CVar [[r.Tonemapper.GrainQuantization:1]]
[2019.09.26-17.53.16:828][  0]LogConfig: Setting CVar [[r.LightShaftQuality:1]]
[2019.09.26-17.53.16:828][  0]LogConfig: Setting CVar [[r.Filter.SizeScale:1]]
[2019.09.26-17.53.16:828][  0]LogConfig: Setting CVar [[r.Tonemapper.Quality:5]]
[2019.09.26-17.53.16:828][  0]LogConfig: Setting CVar [[r.DOF.Gather.AccumulatorQuality:1        ; higher gathering accumulator quality]]
[2019.09.26-17.53.16:828][  0]LogConfig: Setting CVar [[r.DOF.Gather.PostfilterMethod:1          ; Median3x3 postfilering method]]
[2019.09.26-17.53.16:828][  0]LogConfig: Setting CVar [[r.DOF.Gather.EnableBokehSettings:0       ; no bokeh simulation when gathering]]
[2019.09.26-17.53.16:828][  0]LogConfig: Setting CVar [[r.DOF.Gather.RingCount:4                 ; medium number of samples when gathering]]
[2019.09.26-17.53.16:828][  0]LogConfig: Setting CVar [[r.DOF.Scatter.ForegroundCompositing:1    ; additive foreground scattering]]
[2019.09.26-17.53.16:828][  0]LogConfig: Setting CVar [[r.DOF.Scatter.BackgroundCompositing:2    ; additive background scattering]]
[2019.09.26-17.53.16:828][  0]LogConfig: Setting CVar [[r.DOF.Scatter.EnableBokehSettings:1      ; bokeh simulation when scattering]]
[2019.09.26-17.53.16:828][  0]LogConfig: Setting CVar [[r.DOF.Scatter.MaxSpriteRatio:0.1         ; only a maximum of 10% of scattered bokeh]]
[2019.09.26-17.53.16:828][  0]LogConfig: Setting CVar [[r.DOF.Recombine.Quality:1                ; cheap slight out of focus]]
[2019.09.26-17.53.16:828][  0]LogConfig: Setting CVar [[r.DOF.Recombine.EnableBokehSettings:0    ; no bokeh simulation on slight out of focus]]
[2019.09.26-17.53.16:828][  0]LogConfig: Setting CVar [[r.DOF.TemporalAAQuality:1                ; more stable temporal accumulation]]
[2019.09.26-17.53.16:828][  0]LogConfig: Setting CVar [[r.DOF.Kernel.MaxForegroundRadius:0.025]]
[2019.09.26-17.53.16:828][  0]LogConfig: Setting CVar [[r.DOF.Kernel.MaxBackgroundRadius:0.025]]
[2019.09.26-17.53.16:828][  0]LogConfig: Applying CVar settings from Section [TextureQuality@3] File [C:/Users/ngilston/Documents/Unreal Projects/Rec15Escape/Saved/Config/Windows/Scalability.ini]
[2019.09.26-17.53.16:828][  0]LogConfig: Setting CVar [[r.Streaming.MipBias:0]]
[2019.09.26-17.53.16:828][  0]LogConfig: Setting CVar [[r.Streaming.AmortizeCPUToGPUCopy:0]]
[2019.09.26-17.53.16:828][  0]LogConfig: Setting CVar [[r.Streaming.MaxNumTexturesToStreamPerFrame:0]]
[2019.09.26-17.53.16:828][  0]LogConfig: Setting CVar [[r.Streaming.Boost:1]]
[2019.09.26-17.53.16:828][  0]LogConfig: Setting CVar [[r.MaxAnisotropy:8]]
[2019.09.26-17.53.16:828][  0]LogConfig: Setting CVar [[r.Streaming.LimitPoolSizeToVRAM:0]]
[2019.09.26-17.53.16:828][  0]LogConfig: Setting CVar [[r.Streaming.PoolSize:1000]]
[2019.09.26-17.53.16:828][  0]LogConfig: Setting CVar [[r.Streaming.MaxEffectiveScreenSize:0]]
[2019.09.26-17.53.16:828][  0]LogConfig: Applying CVar settings from Section [EffectsQuality@3] File [C:/Users/ngilston/Documents/Unreal Projects/Rec15Escape/Saved/Config/Windows/Scalability.ini]
[2019.09.26-17.53.16:828][  0]LogConfig: Setting CVar [[r.TranslucencyLightingVolumeDim:64]]
[2019.09.26-17.53.16:828][  0]LogConfig: Setting CVar [[r.RefractionQuality:2]]
[2019.09.26-17.53.16:828][  0]LogConfig: Setting CVar [[r.SSR.Quality:3]]
[2019.09.26-17.53.16:828][  0]LogConfig: Setting CVar [[r.SceneColorFormat:4]]
[2019.09.26-17.53.16:828][  0]LogConfig: Setting CVar [[r.DetailMode:2]]
[2019.09.26-17.53.16:828][  0]LogConfig: Setting CVar [[r.TranslucencyVolumeBlur:1]]
[2019.09.26-17.53.16:828][  0]LogConfig: Setting CVar [[r.MaterialQualityLevel:1 ; High quality]]
[2019.09.26-17.53.16:828][  0]LogConfig: Setting CVar [[r.SSS.Scale:1]]
[2019.09.26-17.53.16:828][  0]LogConfig: Setting CVar [[r.SSS.SampleSet:2]]
[2019.09.26-17.53.16:828][  0]LogConfig: Setting CVar [[r.SSS.Quality:1]]
[2019.09.26-17.53.16:828][  0]LogConfig: Setting CVar [[r.SSS.HalfRes:1]]
[2019.09.26-17.53.16:828][  0]LogConfig: Setting CVar [[r.EmitterSpawnRateScale:1.0]]
[2019.09.26-17.53.16:828][  0]LogConfig: Setting CVar [[r.ParticleLightQuality:2]]
[2019.09.26-17.53.16:829][  0]LogConfig: Applying CVar settings from Section [FoliageQuality@3] File [C:/Users/ngilston/Documents/Unreal Projects/Rec15Escape/Saved/Config/Windows/Scalability.ini]
[2019.09.26-17.53.16:829][  0]LogConfig: Setting CVar [[foliage.DensityScale:1.0]]
[2019.09.26-17.53.16:829][  0]LogConfig: Setting CVar [[grass.DensityScale:1.0]]
[2019.09.26-17.53.16:829][  0]LogConfig: Applying CVar settings from Section [Startup] File [../../../Engine/Config/ConsoleVariables.ini]
[2019.09.26-17.53.16:829][  0]LogConfig: Setting CVar [[net.UseAdaptiveNetUpdateFrequency:0]]
[2019.09.26-17.53.16:829][  0]LogConfig: Setting CVar [[p.chaos.AllowCreatePhysxBodies:1]]
[2019.09.26-17.53.16:829][  0]LogConfig: Applying CVar settings from Section [ConsoleVariables] File [C:/Users/ngilston/Documents/Unreal Projects/Rec15Escape/Saved/Config/Windows/Engine.ini]
[2019.09.26-17.53.16:829][  0]LogInit: Computer: NQSCGL-MSI-09
[2019.09.26-17.53.16:829][  0]LogInit: User: ngilston
[2019.09.26-17.53.16:829][  0]LogInit: CPU Page size=4096, Cores=4
[2019.09.26-17.53.16:829][  0]LogInit: High frequency timer resolution =10.000000 MHz
[2019.09.26-17.53.16:829][  0]LogMemory: Memory total: Physical=31.9GB (32GB approx)
[2019.09.26-17.53.16:829][  0]LogMemory: Platform Memory Stats for Windows
[2019.09.26-17.53.16:829][  0]LogMemory: Process Physical Memory: 100.36 MB used, 100.36 MB peak
[2019.09.26-17.53.16:829][  0]LogMemory: Process Virtual Memory: 88.50 MB used, 88.50 MB peak
[2019.09.26-17.53.16:829][  0]LogMemory: Physical Memory: 5491.93 MB used,  27220.60 MB free, 32712.53 MB total
[2019.09.26-17.53.16:829][  0]LogMemory: Virtual Memory: 4656.29 MB used,  134213072.00 MB free, 134217728.00 MB total
[2019.09.26-17.53.16:832][  0]LogWindows: WindowsPlatformFeatures enabled
[2019.09.26-17.53.16:848][  0]LogInit: Using OS detected language (en-US).
[2019.09.26-17.53.16:848][  0]LogInit: Using OS detected locale (en-US).
[2019.09.26-17.53.16:848][  0]LogTextLocalizationManager: No specific localization for 'en-US' exists, so the 'en' localization will be used.
[2019.09.26-17.53.16:988][  0]LogInit: Setting process to per monitor DPI aware
[2019.09.26-17.53.17:020][  0]LogSlate: New Slate User Created.  User Index 0, Is Virtual User: 0
[2019.09.26-17.53.17:020][  0]LogSlate: Slate User Registered.  User Index 0, Is Virtual User: 0
[2019.09.26-17.53.17:151][  0]LogHMD: Failed to initialize OpenVR with code 110
[2019.09.26-17.53.17:151][  0]LogD3D11RHI: D3D11 adapters:
[2019.09.26-17.53.17:233][  0]LogD3D11RHI:    0. 'NVIDIA GeForce GTX 1070' (Feature Level 11_0)
[2019.09.26-17.53.17:233][  0]LogD3D11RHI:       8088/0/16356 MB DedicatedVideo/DedicatedSystem/SharedSystem, Outputs:1, VendorId:0x10de
[2019.09.26-17.53.17:235][  0]LogD3D11RHI:    1. 'Microsoft Basic Render Driver' (Feature Level 11_0)
[2019.09.26-17.53.17:235][  0]LogD3D11RHI:       0/0/16356 MB DedicatedVideo/DedicatedSystem/SharedSystem, Outputs:0, VendorId:0x1414
[2019.09.26-17.53.17:235][  0]LogD3D11RHI: Chosen D3D11 Adapter: 0
[2019.09.26-17.53.17:240][  0]LogD3D11RHI: Creating new Direct3DDevice
[2019.09.26-17.53.17:240][  0]LogD3D11RHI:     GPU DeviceId: 0x1b81 (for the marketing name, search the web for "GPU Device Id")
[2019.09.26-17.53.17:240][  0]LogWindows: EnumDisplayDevices:
[2019.09.26-17.53.17:240][  0]LogWindows:    0. 'NVIDIA GeForce GTX 1070' (P:1 D:1)
[2019.09.26-17.53.17:240][  0]LogWindows:    1. 'NVIDIA GeForce GTX 1070' (P:0 D:0)
[2019.09.26-17.53.17:240][  0]LogWindows:    2. 'NVIDIA GeForce GTX 1070' (P:0 D:0)
[2019.09.26-17.53.17:241][  0]LogWindows:    3. 'NVIDIA GeForce GTX 1070' (P:0 D:0)
[2019.09.26-17.53.17:241][  0]LogWindows: DebugString: FoundDriverCount:4 
[2019.09.26-17.53.17:241][  0]LogD3D11RHI:     Adapter Name: NVIDIA GeForce GTX 1070
[2019.09.26-17.53.17:241][  0]LogD3D11RHI:   Driver Version: 430.86 (internal:26.21.14.3086, unified:430.86)
[2019.09.26-17.53.17:241][  0]LogD3D11RHI:      Driver Date: 5-22-2019
[2019.09.26-17.53.17:241][  0]LogRHI: Texture pool is 5661 MB (70% of 8088 MB)
[2019.09.26-17.53.17:275][  0]LogD3D11RHI: Async texture creation enabled
[2019.09.26-17.53.17:286][  0]LogD3D11RHI: GPU Timing Frequency: 1000.000000 (Debug: 2 1)
[2019.09.26-17.53.17:703][  0]LogTemp: Display: Module 'AllDesktopTargetPlatform' loaded TargetPlatform 'AllDesktop'
[2019.09.26-17.53.17:711][  0]LogTemp: Display: Module 'MacClientTargetPlatform' loaded TargetPlatform 'MacClient'
[2019.09.26-17.53.17:718][  0]LogTemp: Display: Module 'MacNoEditorTargetPlatform' loaded TargetPlatform 'MacNoEditor'
[2019.09.26-17.53.17:725][  0]LogTemp: Display: Module 'MacServerTargetPlatform' loaded TargetPlatform 'MacServer'
[2019.09.26-17.53.17:733][  0]LogTemp: Display: Module 'MacTargetPlatform' loaded TargetPlatform 'Mac'
[2019.09.26-17.53.17:741][  0]LogTemp: Display: Module 'WindowsClientTargetPlatform' loaded TargetPlatform 'WindowsClient'
[2019.09.26-17.53.17:749][  0]LogTemp: Display: Module 'WindowsNoEditorTargetPlatform' loaded TargetPlatform 'WindowsNoEditor'
[2019.09.26-17.53.17:758][  0]LogTemp: Display: Module 'WindowsServerTargetPlatform' loaded TargetPlatform 'WindowsServer'
[2019.09.26-17.53.17:763][  0]LogTemp: Display: Module 'WindowsTargetPlatform' loaded TargetPlatform 'Windows'
[2019.09.26-17.53.17:792][  0]LogTemp: Display: Module 'AndroidTargetPlatform' loaded TargetPlatform 'Android'
[2019.09.26-17.53.17:792][  0]LogTemp: Display: Module 'AndroidTargetPlatform' loaded TargetPlatform 'Android_ASTC'
[2019.09.26-17.53.17:792][  0]LogTemp: Display: Module 'AndroidTargetPlatform' loaded TargetPlatform 'Android_ATC'
[2019.09.26-17.53.17:792][  0]LogTemp: Display: Module 'AndroidTargetPlatform' loaded TargetPlatform 'Android_DXT'
[2019.09.26-17.53.17:792][  0]LogTemp: Display: Module 'AndroidTargetPlatform' loaded TargetPlatform 'Android_ETC1'
[2019.09.26-17.53.17:792][  0]LogTemp: Display: Module 'AndroidTargetPlatform' loaded TargetPlatform 'Android_ETC1a'
[2019.09.26-17.53.17:792][  0]LogTemp: Display: Module 'AndroidTargetPlatform' loaded TargetPlatform 'Android_ETC2'
[2019.09.26-17.53.17:792][  0]LogTemp: Display: Module 'AndroidTargetPlatform' loaded TargetPlatform 'Android_PVRTC'
[2019.09.26-17.53.17:792][  0]LogTemp: Display: Module 'AndroidTargetPlatform' loaded TargetPlatform 'AndroidClient'
[2019.09.26-17.53.17:792][  0]LogTemp: Display: Module 'AndroidTargetPlatform' loaded TargetPlatform 'Android_ASTCClient'
[2019.09.26-17.53.17:792][  0]LogTemp: Display: Module 'AndroidTargetPlatform' loaded TargetPlatform 'Android_ATCClient'
[2019.09.26-17.53.17:792][  0]LogTemp: Display: Module 'AndroidTargetPlatform' loaded TargetPlatform 'Android_DXTClient'
[2019.09.26-17.53.17:793][  0]LogTemp: Display: Module 'AndroidTargetPlatform' loaded TargetPlatform 'Android_ETC1Client'
[2019.09.26-17.53.17:793][  0]LogTemp: Display: Module 'AndroidTargetPlatform' loaded TargetPlatform 'Android_ETC1aClient'
[2019.09.26-17.53.17:793][  0]LogTemp: Display: Module 'AndroidTargetPlatform' loaded TargetPlatform 'Android_ETC2Client'
[2019.09.26-17.53.17:793][  0]LogTemp: Display: Module 'AndroidTargetPlatform' loaded TargetPlatform 'Android_PVRTCClient'
[2019.09.26-17.53.17:793][  0]LogTemp: Display: Module 'AndroidTargetPlatform' loaded TargetPlatform 'Android_Multi'
[2019.09.26-17.53.17:793][  0]LogTemp: Display: Module 'AndroidTargetPlatform' loaded TargetPlatform 'Android_MultiClient'
[2019.09.26-17.53.17:794][  0]LogTemp: Display: Module 'HTML5TargetPlatform' loaded TargetPlatform 'HTML5'
[2019.09.26-17.53.17:809][  0]LogTemp: Display: Module 'IOSTargetPlatform' loaded TargetPlatform 'IOSClient'
[2019.09.26-17.53.17:809][  0]LogTemp: Display: Module 'IOSTargetPlatform' loaded TargetPlatform 'IOS'
[2019.09.26-17.53.17:821][  0]LogTemp: Display: Module 'TVOSTargetPlatform' loaded TargetPlatform 'TVOSClient'
[2019.09.26-17.53.17:821][  0]LogTemp: Display: Module 'TVOSTargetPlatform' loaded TargetPlatform 'TVOS'
[2019.09.26-17.53.17:827][  0]LogTemp: Display: Module 'LinuxClientTargetPlatform' loaded TargetPlatform 'LinuxClient'
[2019.09.26-17.53.17:833][  0]LogTemp: Display: Module 'LinuxNoEditorTargetPlatform' loaded TargetPlatform 'LinuxNoEditor'
[2019.09.26-17.53.17:839][  0]LogTemp: Display: Module 'LinuxServerTargetPlatform' loaded TargetPlatform 'LinuxServer'
[2019.09.26-17.53.17:846][  0]LogTemp: Display: Module 'LinuxTargetPlatform' loaded TargetPlatform 'Linux'
[2019.09.26-17.53.17:866][  0]LogTemp: Display: Module 'LuminTargetPlatform' loaded TargetPlatform 'Lumin'
[2019.09.26-17.53.17:866][  0]LogTemp: Display: Module 'LuminTargetPlatform' loaded TargetPlatform 'LuminClient'
[2019.09.26-17.53.17:866][  0]LogTargetPlatformManager: Display: Building Assets For Windows
[2019.09.26-17.53.17:874][  0]LogAudioDebug: Display: Lib vorbis DLL was dynamically loaded.
[2019.09.26-17.53.17:920][  0]LogShaderCompilers: Guid format shader working directory is -21 characters bigger than the processId version (../../../../../../Users/ngilston/Documents/Unreal Projects/Rec15Escape/Intermediate/Shaders/WorkingDirectory/1992/).
[2019.09.26-17.53.17:921][  0]LogShaderCompilers: Cleaned the shader compiler working directory 'C:/Users/ngilston/AppData/Local/Temp/UnrealShaderWorkingDir/1FB33D4549546356213AFC8CF7753C7E/'.
[2019.09.26-17.53.17:923][  0]LogXGEController: Cannot use XGE Controller as Incredibuild is not installed on this machine.
[2019.09.26-17.53.17:923][  0]LogShaderCompilers: Cannot use XGE Shader Compiler as Incredibuild is not installed on this machine.
[2019.09.26-17.53.17:923][  0]LogShaderCompilers: Display: Using Local Shader Compiler.
[2019.09.26-17.53.18:431][  0]LogDerivedDataCache: Display: Max Cache Size: 512 MB
[2019.09.26-17.53.18:473][  0]LogDerivedDataCache: Loaded boot cache 0.04s 74MB C:/Users/ngilston/AppData/Local/UnrealEngine/4.23/DerivedDataCache/Boot.ddc.
[2019.09.26-17.53.18:473][  0]LogDerivedDataCache: Display: Loaded Boot cache: C:/Users/ngilston/AppData/Local/UnrealEngine/4.23/DerivedDataCache/Boot.ddc
[2019.09.26-17.53.18:473][  0]LogDerivedDataCache: FDerivedDataBackendGraph:  Pak pak cache file ../../../../../../Users/ngilston/Documents/Unreal Projects/Rec15Escape/DerivedDataCache/DDC.ddp not found, will not use a pak cache.
[2019.09.26-17.53.18:473][  0]LogDerivedDataCache: Unable to find inner node Pak for hierarchical cache Hierarchy.
[2019.09.26-17.53.18:474][  0]LogDerivedDataCache: FDerivedDataBackendGraph:  CompressedPak pak cache file ../../../../../../Users/ngilston/Documents/Unreal Projects/Rec15Escape/DerivedDataCache/Compressed.ddp not found, will not use a pak cache.
[2019.09.26-17.53.18:474][  0]LogDerivedDataCache: Unable to find inner node CompressedPak for hierarchical cache Hierarchy.
[2019.09.26-17.53.18:483][  0]LogDerivedDataCache: Display: Pak cache opened for reading ../../../Engine/DerivedDataCache/Compressed.ddp.
[2019.09.26-17.53.18:483][  0]LogDerivedDataCache: FDerivedDataBackendGraph:  EnterprisePak pak cache file ../../../Enterprise/DerivedDataCache/Compressed.ddp not found, will not use a pak cache.
[2019.09.26-17.53.18:483][  0]LogDerivedDataCache: Unable to find inner node EnterprisePak for hierarchical cache Hierarchy.
[2019.09.26-17.53.18:484][  0]LogDerivedDataCache: Using Local data cache path C:/Users/ngilston/AppData/Local/UnrealEngine/Common/DerivedDataCache: Writable
[2019.09.26-17.53.18:484][  0]LogDerivedDataCache: Shared data cache path not found in *engine.ini, will not use an Shared cache.
[2019.09.26-17.53.18:484][  0]LogDerivedDataCache: Unable to find inner node Shared for hierarchical cache Hierarchy.
[2019.09.26-17.53.18:502][  0]LogMaterial: Verifying Global Shaders for PCD3D_SM5
[2019.09.26-17.53.18:504][  0]LogSlate: Using FreeType 2.6.0
[2019.09.26-17.53.18:505][  0]LogSlate: SlateFontServices - WITH_FREETYPE: 1, WITH_HARFBUZZ: 1
[2019.09.26-17.53.18:548][  0]LogAssetRegistry: FAssetRegistry took 0.0019 seconds to start up
[2019.09.26-17.53.18:761][  0]LogInit: Selected Device Profile: [Windows]
[2019.09.26-17.53.18:881][  0]LogMeshReduction: Using QuadricMeshReduction for automatic static mesh reduction
[2019.09.26-17.53.18:881][  0]LogMeshReduction: Using SimplygonMeshReduction for automatic skeletal mesh reduction
[2019.09.26-17.53.18:881][  0]LogMeshReduction: Using ProxyLODMeshReduction for automatic mesh merging
[2019.09.26-17.53.18:881][  0]LogMeshReduction: No distributed automatic mesh merging module available
[2019.09.26-17.53.18:881][  0]LogMeshMerging: No distributed automatic mesh merging module available
[2019.09.26-17.53.18:889][  0]LogNetVersion: Rec15Escape 1.0.0, NetCL: 8386587, EngineNetVer: 11, GameNetVer: 0 (Checksum: 3574972784)
[2019.09.26-17.53.19:218][  0]LogPackageLocalizationCache: Processed 12 localized package path(s) for 1 prioritized culture(s) in 0.046727 seconds
[2019.09.26-17.53.19:225][  0]LogUObjectArray: 43444 objects as part of root set at end of initial load.
[2019.09.26-17.53.19:225][  0]LogUObjectAllocator: 7548648 out of 0 bytes used by permanent object pool.
[2019.09.26-17.53.19:225][  0]LogUObjectArray: CloseDisregardForGC: 0/0 objects in disregard for GC pool
[2019.09.26-17.53.19:894][  0]LogTcpMessaging: Initializing TcpMessaging bridge
[2019.09.26-17.53.19:897][  0]LogUdpMessaging: Initializing bridge on interface 0.0.0.0:0 to multicast group 230.0.0.1:6666.
[2019.09.26-17.53.19:940][  0]SourceControl: Source control is disabled
[2019.09.26-17.53.19:940][  0]SourceControl: Source control is disabled
[2019.09.26-17.53.19:941][  0]SourceControl: Source control is disabled
[2019.09.26-17.53.19:942][  0]SourceControl: Source control is disabled
[2019.09.26-17.53.19:948][  0]LogVSAccessor: Display: Unable to create Visual Studio setup instance: 80040154
[2019.09.26-17.53.19:949][  0]LogVSAccessor: Display: Unable to create Visual Studio setup instance: 80040154
[2019.09.26-17.53.20:012][  0]LogAndroidPermission: UAndroidPermissionCallbackProxy::GetInstance
[2019.09.26-17.53.20:271][  0]LogOcInput: OculusInput pre-init called
[2019.09.26-17.53.20:276][  0]LogWindows: Failed to load 'OVRPlugin.dll' (GetLastError=126)
[2019.09.26-17.53.20:276][  0]LogWindows: File 'OVRPlugin.dll' does not exist
[2019.09.26-17.53.20:333][  0]LogEngine: Initializing Engine...
[2019.09.26-17.53.20:333][  0]LogHMD: Failed to initialize OpenVR with code 110
[2019.09.26-17.53.20:334][  0]LogStats: UGameplayTagsManager::InitializeManager -  0.000 s
[2019.09.26-17.53.20:515][  0]LogInit: Initializing FReadOnlyCVARCache
[2019.09.26-17.53.20:529][  0]LogAIModule: Creating AISystem for world Untitled
[2019.09.26-17.53.20:555][  0]LogInit: XAudio2 using 'Speakers (USB Audio DAC   )' : 2 channels at 48 kHz using 16 bits per sample (channel mask 0x3)
[2019.09.26-17.53.20:577][  0]LogInit: FAudioDevice initialized.
[2019.09.26-17.53.20:577][  0]LogNetVersion: Set ProjectVersion to 1.0.0.0. Version Checksum will be recalculated on next use.
[2019.09.26-17.53.20:732][  0]LogDerivedDataCache: Saved boot cache 0.16s 73MB C:/Users/ngilston/AppData/Local/UnrealEngine/4.23/DerivedDataCache/Boot.ddc.
[2019.09.26-17.53.20:741][  0]LogInit: Texture streaming: Enabled
[2019.09.26-17.53.20:757][  0]LogEngineSessionManager: EngineSessionManager initialized
[2019.09.26-17.53.20:800][  0]LogInit: Transaction tracking system initialized
[2019.09.26-17.53.20:828][  0]BlueprintLog: New page: Editor Load
[2019.09.26-17.53.20:898][  0]LocalizationService: Localization service is disabled
[2019.09.26-17.53.20:959][  0]LogVSAccessor: Display: Unable to create Visual Studio setup instance: 80040154
[2019.09.26-17.53.20:959][  0]LogVSAccessor: Display: Unable to create Visual Studio setup instance: 80040154
[2019.09.26-17.53.21:115][  0]LogFileCache: Scanning file cache for directory 'C:/Users/ngilston/Documents/Unreal Projects/Rec15Escape/Content/' took 0.01s
[2019.09.26-17.53.21:115][  0]LogCook: Display: Max memory allowance for cook 16384mb min free memory 0mb
[2019.09.26-17.53.21:115][  0]LogCook: Display: Mobile HDR setting 1
[2019.09.26-17.53.21:262][  0]SourceControl: Source control is disabled
[2019.09.26-17.53.21:262][  0]Cmd: MAP LOAD FILE="../../../../../../Users/ngilston/Documents/Unreal Projects/Rec15Escape/Content/FirstPersonBP/Maps/FirstPersonExampleMap.umap" TEMPLATE=0 SHOWPROGRESS=1 FEATURELEVEL=3
[2019.09.26-17.53.21:262][  0]LightingResults: New page: Lighting Build
[2019.09.26-17.53.21:265][  0]LogWorld: UWorld::CleanupWorld for Untitled, bSessionEnded=true, bCleanupResources=true
[2019.09.26-17.53.21:265][  0]MapCheck: New page: Map Check
[2019.09.26-17.53.21:265][  0]LightingResults: New page: Lighting Build
[2019.09.26-17.53.21:285][  0]LogUObjectHash: Compacting FUObjectHashTables data took   1.37ms
[2019.09.26-17.53.21:732][  0]LogAIModule: Creating AISystem for world FirstPersonExampleMap
[2019.09.26-17.53.21:740][  0]LogEditorServer: Finished looking for orphan Actors (0.000 secs)
[2019.09.26-17.53.21:762][  0]LogUObjectHash: Compacting FUObjectHashTables data took   1.71ms
[2019.09.26-17.53.21:762][  0]Cmd: MAP CHECKDEP NOCLEARLOG
[2019.09.26-17.53.21:763][  0]MapCheck: Map check complete: 0 Error(s), 0 Warning(s), took 0.173ms to complete.
[2019.09.26-17.53.21:763][  0]LogFileHelpers: Loading map 'FirstPersonExampleMap' took 0.501
[2019.09.26-17.53.21:857][  0]LogSlate: Updating window title bar state: overlay mode, drag disabled, window buttons hidden, title bar hidden
[2019.09.26-17.53.21:862][  0]LogSlate: Updating window title bar state: overlay mode, drag disabled, window buttons hidden, title bar hidden
[2019.09.26-17.53.21:868][  0]LogSlate: Updating window title bar state: overlay mode, drag disabled, window buttons hidden, title bar hidden
[2019.09.26-17.53.21:874][  0]LogSlate: Updating window title bar state: overlay mode, drag disabled, window buttons hidden, title bar hidden
[2019.09.26-17.53.21:882][  0]LogCollectionManager: Loaded 0 collections in 0.001783 seconds
[2019.09.26-17.53.21:887][  0]LogFileCache: Scanning file cache for directory 'C:/Users/ngilston/Documents/Unreal Projects/Rec15Escape/Saved/Collections/' took 0.00s
[2019.09.26-17.53.21:887][  0]LogFileCache: Scanning file cache for directory 'C:/Users/ngilston/Documents/Unreal Projects/Rec15Escape/Content/Developers/ngilston/Collections/' took 0.00s
[2019.09.26-17.53.21:887][  0]LogFileCache: Scanning file cache for directory 'C:/Users/ngilston/Documents/Unreal Projects/Rec15Escape/Content/Collections/' took 0.00s
[2019.09.26-17.53.21:887][  0]LogCollectionManager: Rebuilt the GUID cache for 0 collections in 0.000003 seconds
[2019.09.26-17.53.21:893][  0]LogContentBrowser: Native class hierarchy populated in 0.0070 seconds. Added 2863 classes and 680 folders.
[2019.09.26-17.53.21:899][  0]LogContentBrowser: Native class hierarchy updated for 'WidgetCarousel' in 0.0002 seconds. Added 0 classes and 0 folders.
[2019.09.26-17.53.22:085][  0]LogContentBrowser: Native class hierarchy updated for 'AddContentDialog' in 0.0002 seconds. Added 0 classes and 0 folders.
[2019.09.26-17.53.22:089][  0]LogContentBrowser: Native class hierarchy updated for 'SceneOutliner' in 0.0002 seconds. Added 1 classes and 2 folders.
[2019.09.26-17.53.22:104][  0]LogSlate: Took 0.000103 seconds to synchronously load lazily loaded font '../../../Engine/Content/Slate/Fonts/Roboto-Regular.ttf' (155K)
[2019.09.26-17.53.22:106][  0]LogSlate: Took 0.000136 seconds to synchronously load lazily loaded font '../../../Engine/Content/Slate/Fonts/Roboto-Bold.ttf' (160K)
[2019.09.26-17.53.22:113][  0]LogSlate: Took 0.003897 seconds to synchronously load lazily loaded font '../../../Engine/Content/Editor/Slate/Fonts/FontAwesome.ttf' (139K)
[2019.09.26-17.53.22:207][  0]LogRenderer: Reallocating scene render targets to support 1056x556 Format 10 NumSamples 1 (Frame:1).
[2019.09.26-17.53.22:286][  0]LogContentBrowser: Native class hierarchy updated for 'HierarchicalLODOutliner' in 0.0002 seconds. Added 0 classes and 0 folders.
[2019.09.26-17.53.22:286][  0]LogLoad: (Engine Initialization) Total time: 6.41 seconds
[2019.09.26-17.53.22:286][  0]LogLoad: (Engine Initialization) Total Blueprint compile time: 0.00 seconds
[2019.09.26-17.53.22:327][  0]LogAssetRegistry: Asset discovery search completed in 3.7796 seconds
[2019.09.26-17.53.22:330][  0]LogCollectionManager: Rebuilt the object cache for 0 collections in 0.000004 seconds (found 0 objects)
[2019.09.26-17.53.22:330][  0]LogCollectionManager: Fixed up redirectors for 0 collections in 0.000039 seconds (updated 0 objects)
[2019.09.26-17.53.22:331][  0]LogContentStreaming: Texture pool size now 1000 MB
[2019.09.26-17.53.22:358][  0]LogSlate: Took 0.003343 seconds to synchronously load lazily loaded font '../../../Engine/Content/Slate/Fonts/Roboto-Light.ttf' (167K)
[2019.09.26-17.53.46:176][854]LogSlate: FSceneViewport::OnFocusLost() reason 0
[2019.09.26-17.53.46:226][860]LogTemp: Repeating last play command: Selected Viewport
[2019.09.26-17.53.46:236][860]LogBlueprintUserMessages: Early PlayInEditor Detection: Level '/Game/FirstPersonBP/Maps/FirstPersonExampleMap.FirstPersonExampleMap:PersistentLevel' has LevelScriptBlueprint '/Game/FirstPersonBP/Maps/FirstPersonExampleMap.FirstPersonExampleMap:PersistentLevel.FirstPersonExampleMap' with GeneratedClass '/Game/FirstPersonBP/Maps/FirstPersonExampleMap.FirstPersonExampleMap_C' with ClassGeneratedBy '/Game/FirstPersonBP/Maps/FirstPersonExampleMap.FirstPersonExampleMap:PersistentLevel.FirstPersonExampleMap'
[2019.09.26-17.53.46:236][860]LogPlayLevel: PlayLevel: No blueprints needed recompiling
[2019.09.26-17.53.46:236][860]PIE: New page: PIE session: FirstPersonExampleMap (Sep 26, 2019, 9:53:46 AM)
[2019.09.26-17.53.46:237][860]LogOnline: OSS: Creating online subsystem instance for: NULL
[2019.09.26-17.53.46:238][860]LogPlayLevel: Creating play world package: /Game/FirstPersonBP/Maps/UEDPIE_0_FirstPersonExampleMap
[2019.09.26-17.53.46:251][860]LogPlayLevel: PIE: StaticDuplicateObject took: (0.013691s)
[2019.09.26-17.53.46:252][860]LogAIModule: Creating AISystem for world FirstPersonExampleMap
[2019.09.26-17.53.46:252][860]LogPlayLevel: PIE: World Init took: (0.000889s)
[2019.09.26-17.53.46:252][860]LogPlayLevel: PIE: Created PIE world by copying editor world from /Game/FirstPersonBP/Maps/FirstPersonExampleMap.FirstPersonExampleMap to /Game/FirstPersonBP/Maps/UEDPIE_0_FirstPersonExampleMap.FirstPersonExampleMap (0.014794s)
[2019.09.26-17.53.46:273][860]LogUObjectHash: Compacting FUObjectHashTables data took   1.19ms
[2019.09.26-17.53.46:296][860]LogInit: XAudio2 using 'Speakers (USB Audio DAC   )' : 2 channels at 48 kHz using 16 bits per sample (channel mask 0x3)
[2019.09.26-17.53.46:304][860]LogInit: FAudioDevice initialized.
[2019.09.26-17.53.46:314][860]LogLoad: Game class is 'FirstPersonGameMode_C'
[2019.09.26-17.53.46:317][860]LogWorld: Bringing World /Game/FirstPersonBP/Maps/UEDPIE_0_FirstPersonExampleMap.FirstPersonExampleMap up for play (max tick rate 0) at 2019.09.26-13.53.46
[2019.09.26-17.53.46:317][860]LogWorld: Bringing up level for play took: 0.001563
[2019.09.26-17.53.46:317][860]LogOnline: OSS: Creating online subsystem instance for: :Context_1
[2019.09.26-17.53.46:323][860]LogContentBrowser: Native class hierarchy updated for 'MovieSceneCapture' in 0.0002 seconds. Added 20 classes and 0 folders.
[2019.09.26-17.53.46:324][860]PIE: Play in editor start time for /Game/FirstPersonBP/Maps/UEDPIE_0_FirstPersonExampleMap 0.87
[2019.09.26-17.53.46:324][860]LogBlueprintUserMessages: Late PlayInEditor Detection: Level '/Game/FirstPersonBP/Maps/FirstPersonExampleMap.FirstPersonExampleMap:PersistentLevel' has LevelScriptBlueprint '/Game/FirstPersonBP/Maps/FirstPersonExampleMap.FirstPersonExampleMap:PersistentLevel.FirstPersonExampleMap' with GeneratedClass '/Game/FirstPersonBP/Maps/FirstPersonExampleMap.FirstPersonExampleMap_C' with ClassGeneratedBy '/Game/FirstPersonBP/Maps/FirstPersonExampleMap.FirstPersonExampleMap:PersistentLevel.FirstPersonExampleMap'
[2019.09.26-17.53.50:251][328]LogBlueprintUserMessages: Early EndPlayMap Detection: Level '/Game/FirstPersonBP/Maps/FirstPersonExampleMap.FirstPersonExampleMap:PersistentLevel' has LevelScriptBlueprint '/Game/FirstPersonBP/Maps/FirstPersonExampleMap.FirstPersonExampleMap:PersistentLevel.FirstPersonExampleMap' with GeneratedClass '/Game/FirstPersonBP/Maps/FirstPersonExampleMap.FirstPersonExampleMap_C' with ClassGeneratedBy '/Game/FirstPersonBP/Maps/FirstPersonExampleMap.FirstPersonExampleMap:PersistentLevel.FirstPersonExampleMap'
[2019.09.26-17.53.50:252][328]LogSlate: Updating window title bar state: overlay mode, drag disabled, window buttons hidden, title bar hidden
[2019.09.26-17.53.50:252][328]LogWorld: BeginTearingDown for /Game/FirstPersonBP/Maps/UEDPIE_0_FirstPersonExampleMap
[2019.09.26-17.53.50:252][328]LogWorld: UWorld::CleanupWorld for FirstPersonExampleMap, bSessionEnded=true, bCleanupResources=true
[2019.09.26-17.53.50:256][328]LogPlayLevel: Display: Shutting down PIE online subsystems
[2019.09.26-17.53.50:256][328]LogBlueprintUserMessages: Late EndPlayMap Detection: Level '/Game/FirstPersonBP/Maps/FirstPersonExampleMap.FirstPersonExampleMap:PersistentLevel' has LevelScriptBlueprint '/Game/FirstPersonBP/Maps/FirstPersonExampleMap.FirstPersonExampleMap:PersistentLevel.FirstPersonExampleMap' with GeneratedClass '/Game/FirstPersonBP/Maps/FirstPersonExampleMap.FirstPersonExampleMap_C' with ClassGeneratedBy '/Game/FirstPersonBP/Maps/FirstPersonExampleMap.FirstPersonExampleMap:PersistentLevel.FirstPersonExampleMap'
[2019.09.26-17.53.50:278][328]LogSlate: Updating window title bar state: overlay mode, drag disabled, window buttons hidden, title bar hidden
[2019.09.26-17.53.50:280][328]LogUObjectHash: Compacting FUObjectHashTables data took   1.25ms
[2019.09.26-17.53.50:359][337]LogPlayLevel: Display: Destroying online subsystem :Context_1
[2019.09.26-17.57.11:363][450]LogSlate: FSceneViewport::OnFocusLost() reason 0
[2019.09.26-17.57.11:455][461]LogTemp: Repeating last play command: Selected Viewport
[2019.09.26-17.57.11:466][461]LogBlueprintUserMessages: Early PlayInEditor Detection: Level '/Game/FirstPersonBP/Maps/FirstPersonExampleMap.FirstPersonExampleMap:PersistentLevel' has LevelScriptBlueprint '/Game/FirstPersonBP/Maps/FirstPersonExampleMap.FirstPersonExampleMap:PersistentLevel.FirstPersonExampleMap' with GeneratedClass '/Game/FirstPersonBP/Maps/FirstPersonExampleMap.FirstPersonExampleMap_C' with ClassGeneratedBy '/Game/FirstPersonBP/Maps/FirstPersonExampleMap.FirstPersonExampleMap:PersistentLevel.FirstPersonExampleMap'
[2019.09.26-17.57.11:466][461]LogPlayLevel: PlayLevel: No blueprints needed recompiling
[2019.09.26-17.57.11:466][461]PIE: New page: PIE session: FirstPersonExampleMap (Sep 26, 2019, 9:57:11 AM)
[2019.09.26-17.57.11:466][461]LogPlayLevel: Creating play world package: /Game/FirstPersonBP/Maps/UEDPIE_0_FirstPersonExampleMap
[2019.09.26-17.57.11:478][461]LogPlayLevel: PIE: StaticDuplicateObject took: (0.011696s)
[2019.09.26-17.57.11:479][461]LogAIModule: Creating AISystem for world FirstPersonExampleMap
[2019.09.26-17.57.11:479][461]LogPlayLevel: PIE: World Init took: (0.000972s)
[2019.09.26-17.57.11:479][461]LogPlayLevel: PIE: Created PIE world by copying editor world from /Game/FirstPersonBP/Maps/FirstPersonExampleMap.FirstPersonExampleMap to /Game/FirstPersonBP/Maps/UEDPIE_0_FirstPersonExampleMap.FirstPersonExampleMap (0.012794s)
[2019.09.26-17.57.11:501][461]LogUObjectHash: Compacting FUObjectHashTables data took   1.29ms
[2019.09.26-17.57.11:525][461]LogInit: XAudio2 using 'Speakers (USB Audio DAC   )' : 2 channels at 48 kHz using 16 bits per sample (channel mask 0x3)
[2019.09.26-17.57.11:534][461]LogInit: FAudioDevice initialized.
[2019.09.26-17.57.11:540][461]LogLoad: Game class is 'FirstPersonGameMode_C'
[2019.09.26-17.57.11:542][461]LogWorld: Bringing World /Game/FirstPersonBP/Maps/UEDPIE_0_FirstPersonExampleMap.FirstPersonExampleMap up for play (max tick rate 0) at 2019.09.26-13.57.11
[2019.09.26-17.57.11:542][461]LogWorld: Bringing up level for play took: 0.001948
[2019.09.26-17.57.11:543][461]LogOnline: OSS: Creating online subsystem instance for: :Context_2
[2019.09.26-17.57.11:544][461]PIE: Play in editor start time for /Game/FirstPersonBP/Maps/UEDPIE_0_FirstPersonExampleMap 0.093
[2019.09.26-17.57.11:545][461]LogBlueprintUserMessages: Late PlayInEditor Detection: Level '/Game/FirstPersonBP/Maps/FirstPersonExampleMap.FirstPersonExampleMap:PersistentLevel' has LevelScriptBlueprint '/Game/FirstPersonBP/Maps/FirstPersonExampleMap.FirstPersonExampleMap:PersistentLevel.FirstPersonExampleMap' with GeneratedClass '/Game/FirstPersonBP/Maps/FirstPersonExampleMap.FirstPersonExampleMap_C' with ClassGeneratedBy '/Game/FirstPersonBP/Maps/FirstPersonExampleMap.FirstPersonExampleMap:PersistentLevel.FirstPersonExampleMap'
[2019.09.26-17.57.12:663][592]LogSpawn: Warning: SpawnActor failed because of collision at the spawn location [X=-111.064 Y=-51.524 Z=299.147] for [FirstPersonProjectile_C]
[2019.09.26-17.57.24:432][  4]LogSpawn: Warning: SpawnActor failed because of collision at the spawn location [X=770.781 Y=-1201.949 Z=267.059] for [FirstPersonProjectile_C]
[2019.09.26-17.57.31:482][850]LogSpawn: Warning: SpawnActor failed because of collision at the spawn location [X=-1025.255 Y=942.887 Z=253.238] for [FirstPersonProjectile_C]
[2019.09.26-17.57.42:122][124]LogSpawn: Warning: SpawnActor failed because of collision at the spawn location [X=1298.207 Y=828.306 Z=343.622] for [FirstPersonProjectile_C]
[2019.09.26-17.57.47:364][753]LogSpawn: Warning: SpawnActor failed because of collision at the spawn location [X=1303.572 Y=695.259 Z=272.460] for [FirstPersonProjectile_C]
[2019.09.26-17.57.47:589][780]LogSpawn: Warning: SpawnActor failed because of collision at the spawn location [X=1281.259 Y=704.853 Z=278.568] for [FirstPersonProjectile_C]
[2019.09.26-17.57.47:814][807]LogSpawn: Warning: SpawnActor failed because of collision at the spawn location [X=1341.291 Y=732.718 Z=280.241] for [FirstPersonProjectile_C]
[2019.09.26-17.57.48:822][928]LogSpawn: Warning: SpawnActor failed because of collision at the spawn location [X=1255.409 Y=915.447 Z=275.136] for [FirstPersonProjectile_C]
[2019.09.26-17.57.49:048][955]LogSpawn: Warning: SpawnActor failed because of collision at the spawn location [X=1315.690 Y=923.467 Z=278.508] for [FirstPersonProjectile_C]
[2019.09.26-17.57.49:197][973]LogSpawn: Warning: SpawnActor failed because of collision at the spawn location [X=1319.500 Y=954.205 Z=282.895] for [FirstPersonProjectile_C]
[2019.09.26-17.57.53:781][523]LogSpawn: Warning: SpawnActor failed because of collision at the spawn location [X=1064.655 Y=563.699 Z=256.447] for [FirstPersonProjectile_C]
[2019.09.26-17.57.57:957][ 24]LogSpawn: Warning: SpawnActor failed because of collision at the spawn location [X=1470.422 Y=584.709 Z=264.016] for [FirstPersonProjectile_C]
[2019.09.26-17.57.58:382][ 75]LogSpawn: Warning: SpawnActor failed because of collision at the spawn location [X=1507.044 Y=556.936 Z=292.924] for [FirstPersonProjectile_C]
[2019.09.26-17.57.58:431][ 81]LogCharacterMovement: FirstPersonCharacter_C_1 is stuck and failed to move! Velocity: X=14.97 Y=-8.20 Z=0.00 Location: X=1387.27 Y=610.55 Z=310.25 Normal: X=-0.80 Y=0.60 Z=0.03 PenetrationDepth:0.040 Actor:EditorCube14_8 Component:StaticMeshComponent0 BoneName:None (0 other events since notify)
[2019.09.26-17.57.58:581][ 99]LogSpawn: Warning: SpawnActor failed because of collision at the spawn location [X=1509.284 Y=556.454 Z=278.546] for [FirstPersonProjectile_C]
[2019.09.26-17.57.58:849][131]LogSpawn: Warning: SpawnActor failed because of collision at the spawn location [X=1512.539 Y=555.950 Z=270.152] for [FirstPersonProjectile_C]
[2019.09.26-17.57.59:081][159]LogSpawn: Warning: SpawnActor failed because of collision at the spawn location [X=1457.197 Y=551.565 Z=248.500] for [FirstPersonProjectile_C]
[2019.09.26-17.58.00:649][347]LogSpawn: Warning: SpawnActor failed because of collision at the spawn location [X=1533.372 Y=617.745 Z=264.521] for [FirstPersonProjectile_C]
[2019.09.26-17.58.00:782][363]LogSpawn: Warning: SpawnActor failed because of collision at the spawn location [X=1559.498 Y=660.969 Z=265.651] for [FirstPersonProjectile_C]
[2019.09.26-17.59.45:060][872]LogBlueprintUserMessages: Early EndPlayMap Detection: Level '/Game/FirstPersonBP/Maps/FirstPersonExampleMap.FirstPersonExampleMap:PersistentLevel' has LevelScriptBlueprint '/Game/FirstPersonBP/Maps/FirstPersonExampleMap.FirstPersonExampleMap:PersistentLevel.FirstPersonExampleMap' with GeneratedClass '/Game/FirstPersonBP/Maps/FirstPersonExampleMap.FirstPersonExampleMap_C' with ClassGeneratedBy '/Game/FirstPersonBP/Maps/FirstPersonExampleMap.FirstPersonExampleMap:PersistentLevel.FirstPersonExampleMap'
[2019.09.26-17.59.45:060][872]LogSlate: Updating window title bar state: overlay mode, drag disabled, window buttons hidden, title bar hidden
[2019.09.26-17.59.45:060][872]LogWorld: BeginTearingDown for /Game/FirstPersonBP/Maps/UEDPIE_0_FirstPersonExampleMap
[2019.09.26-17.59.45:061][872]LogWorld: UWorld::CleanupWorld for FirstPersonExampleMap, bSessionEnded=true, bCleanupResources=true
[2019.09.26-17.59.45:070][872]LogPlayLevel: Display: Shutting down PIE online subsystems
[2019.09.26-17.59.45:070][872]LogBlueprintUserMessages: Late EndPlayMap Detection: Level '/Game/FirstPersonBP/Maps/FirstPersonExampleMap.FirstPersonExampleMap:PersistentLevel' has LevelScriptBlueprint '/Game/FirstPersonBP/Maps/FirstPersonExampleMap.FirstPersonExampleMap:PersistentLevel.FirstPersonExampleMap' with GeneratedClass '/Game/FirstPersonBP/Maps/FirstPersonExampleMap.FirstPersonExampleMap_C' with ClassGeneratedBy '/Game/FirstPersonBP/Maps/FirstPersonExampleMap.FirstPersonExampleMap:PersistentLevel.FirstPersonExampleMap'
[2019.09.26-17.59.45:092][872]LogSlate: Updating window title bar state: overlay mode, drag disabled, window buttons hidden, title bar hidden
[2019.09.26-17.59.45:094][872]LogUObjectHash: Compacting FUObjectHashTables data took   1.45ms
[2019.09.26-17.59.45:160][878]LogPlayLevel: Display: Destroying online subsystem :Context_2
[2019.09.26-18.05.51:302][154]LogSlate: Took 0.000207 seconds to synchronously load lazily loaded font '../../../Engine/Content/Slate/Fonts/Roboto-Light.ttf' (167K)
[2019.09.26-18.16.57:986][476]LogSlate: FSceneViewport::OnFocusLost() reason 0
[2019.09.26-18.16.58:069][486]LogTemp: Repeating last play command: Selected Viewport
[2019.09.26-18.16.58:080][486]Cmd: SELECT NONE
[2019.09.26-18.16.58:080][486]LogBlueprintUserMessages: Early PlayInEditor Detection: Level '/Game/FirstPersonBP/Maps/FirstPersonExampleMap.FirstPersonExampleMap:PersistentLevel' has LevelScriptBlueprint '/Game/FirstPersonBP/Maps/FirstPersonExampleMap.FirstPersonExampleMap:PersistentLevel.FirstPersonExampleMap' with GeneratedClass '/Game/FirstPersonBP/Maps/FirstPersonExampleMap.FirstPersonExampleMap_C' with ClassGeneratedBy '/Game/FirstPersonBP/Maps/FirstPersonExampleMap.FirstPersonExampleMap:PersistentLevel.FirstPersonExampleMap'
[2019.09.26-18.16.58:080][486]LogPlayLevel: PlayLevel: No blueprints needed recompiling
[2019.09.26-18.16.58:080][486]PIE: New page: PIE session: FirstPersonExampleMap (Sep 26, 2019, 10:16:58 AM)
[2019.09.26-18.16.58:081][486]LogPlayLevel: Creating play world package: /Game/FirstPersonBP/Maps/UEDPIE_0_FirstPersonExampleMap
[2019.09.26-18.16.58:092][486]LogPlayLevel: PIE: StaticDuplicateObject took: (0.011758s)
[2019.09.26-18.16.58:093][486]LogAIModule: Creating AISystem for world FirstPersonExampleMap
[2019.09.26-18.16.58:093][486]LogPlayLevel: PIE: World Init took: (0.000958s)
[2019.09.26-18.16.58:094][486]LogPlayLevel: PIE: Created PIE world by copying editor world from /Game/FirstPersonBP/Maps/FirstPersonExampleMap.FirstPersonExampleMap to /Game/FirstPersonBP/Maps/UEDPIE_0_FirstPersonExampleMap.FirstPersonExampleMap (0.012890s)
[2019.09.26-18.16.58:116][486]LogUObjectHash: Compacting FUObjectHashTables data took   1.28ms
[2019.09.26-18.16.58:139][486]LogInit: XAudio2 using 'Speakers (USB Audio DAC   )' : 2 channels at 48 kHz using 16 bits per sample (channel mask 0x3)
[2019.09.26-18.16.58:150][486]LogInit: FAudioDevice initialized.
[2019.09.26-18.16.58:159][486]LogLoad: Game class is 'FirstPersonGameMode_C'
[2019.09.26-18.16.58:161][486]LogWorld: Bringing World /Game/FirstPersonBP/Maps/UEDPIE_0_FirstPersonExampleMap.FirstPersonExampleMap up for play (max tick rate 0) at 2019.09.26-14.16.58
[2019.09.26-18.16.58:161][486]LogWorld: Bringing up level for play took: 0.001710
[2019.09.26-18.16.58:162][486]LogOnline: OSS: Creating online subsystem instance for: :Context_3
[2019.09.26-18.16.58:163][486]PIE: Play in editor start time for /Game/FirstPersonBP/Maps/UEDPIE_0_FirstPersonExampleMap 0.724
[2019.09.26-18.16.58:163][486]LogBlueprintUserMessages: Late PlayInEditor Detection: Level '/Game/FirstPersonBP/Maps/FirstPersonExampleMap.FirstPersonExampleMap:PersistentLevel' has LevelScriptBlueprint '/Game/FirstPersonBP/Maps/FirstPersonExampleMap.FirstPersonExampleMap:PersistentLevel.FirstPersonExampleMap' with GeneratedClass '/Game/FirstPersonBP/Maps/FirstPersonExampleMap.FirstPersonExampleMap_C' with ClassGeneratedBy '/Game/FirstPersonBP/Maps/FirstPersonExampleMap.FirstPersonExampleMap:PersistentLevel.FirstPersonExampleMap'
[2019.09.26-18.16.59:421][634]LogBlueprintUserMessages: Early EndPlayMap Detection: Level '/Game/FirstPersonBP/Maps/FirstPersonExampleMap.FirstPersonExampleMap:PersistentLevel' has LevelScriptBlueprint '/Game/FirstPersonBP/Maps/FirstPersonExampleMap.FirstPersonExampleMap:PersistentLevel.FirstPersonExampleMap' with GeneratedClass '/Game/FirstPersonBP/Maps/FirstPersonExampleMap.FirstPersonExampleMap_C' with ClassGeneratedBy '/Game/FirstPersonBP/Maps/FirstPersonExampleMap.FirstPersonExampleMap:PersistentLevel.FirstPersonExampleMap'
[2019.09.26-18.16.59:421][634]LogSlate: Updating window title bar state: overlay mode, drag disabled, window buttons hidden, title bar hidden
[2019.09.26-18.16.59:421][634]LogWorld: BeginTearingDown for /Game/FirstPersonBP/Maps/UEDPIE_0_FirstPersonExampleMap
[2019.09.26-18.16.59:421][634]LogWorld: UWorld::CleanupWorld for FirstPersonExampleMap, bSessionEnded=true, bCleanupResources=true
[2019.09.26-18.16.59:431][634]LogPlayLevel: Display: Shutting down PIE online subsystems
[2019.09.26-18.16.59:431][634]LogBlueprintUserMessages: Late EndPlayMap Detection: Level '/Game/FirstPersonBP/Maps/FirstPersonExampleMap.FirstPersonExampleMap:PersistentLevel' has LevelScriptBlueprint '/Game/FirstPersonBP/Maps/FirstPersonExampleMap.FirstPersonExampleMap:PersistentLevel.FirstPersonExampleMap' with GeneratedClass '/Game/FirstPersonBP/Maps/FirstPersonExampleMap.FirstPersonExampleMap_C' with ClassGeneratedBy '/Game/FirstPersonBP/Maps/FirstPersonExampleMap.FirstPersonExampleMap:PersistentLevel.FirstPersonExampleMap'
[2019.09.26-18.16.59:453][634]LogSlate: Updating window title bar state: overlay mode, drag disabled, window buttons hidden, title bar hidden
[2019.09.26-18.16.59:456][634]LogUObjectHash: Compacting FUObjectHashTables data took   1.08ms
[2019.09.26-18.16.59:525][642]LogPlayLevel: Display: Destroying online subsystem :Context_3
[2019.09.26-18.17.02:376][984]LogTemp: Repeating last play command: Selected Viewport
[2019.09.26-18.17.02:413][984]LogBlueprintUserMessages: Early PlayInEditor Detection: Level '/Game/FirstPersonBP/Maps/FirstPersonExampleMap.FirstPersonExampleMap:PersistentLevel' has LevelScriptBlueprint '/Game/FirstPersonBP/Maps/FirstPersonExampleMap.FirstPersonExampleMap:PersistentLevel.FirstPersonExampleMap' with GeneratedClass '/Game/FirstPersonBP/Maps/FirstPersonExampleMap.FirstPersonExampleMap_C' with ClassGeneratedBy '/Game/FirstPersonBP/Maps/FirstPersonExampleMap.FirstPersonExampleMap:PersistentLevel.FirstPersonExampleMap'
[2019.09.26-18.17.02:413][984]LogPlayLevel: PlayLevel: No blueprints needed recompiling
[2019.09.26-18.17.02:413][984]PIE: New page: PIE session: FirstPersonExampleMap (Sep 26, 2019, 10:17:02 AM)
[2019.09.26-18.17.02:413][984]LogPlayLevel: Creating play world package: /Game/FirstPersonBP/Maps/UEDPIE_0_FirstPersonExampleMap
[2019.09.26-18.17.02:423][984]LogPlayLevel: PIE: StaticDuplicateObject took: (0.010236s)
[2019.09.26-18.17.02:424][984]LogAIModule: Creating AISystem for world FirstPersonExampleMap
[2019.09.26-18.17.02:424][984]LogPlayLevel: PIE: World Init took: (0.001020s)
[2019.09.26-18.17.02:424][984]LogPlayLevel: PIE: Created PIE world by copying editor world from /Game/FirstPersonBP/Maps/FirstPersonExampleMap.FirstPersonExampleMap to /Game/FirstPersonBP/Maps/UEDPIE_0_FirstPersonExampleMap.FirstPersonExampleMap (0.011386s)
[2019.09.26-18.17.02:446][984]LogUObjectHash: Compacting FUObjectHashTables data took   1.09ms
[2019.09.26-18.17.02:468][984]LogInit: XAudio2 using 'Speakers (USB Audio DAC   )' : 2 channels at 48 kHz using 16 bits per sample (channel mask 0x3)
[2019.09.26-18.17.02:477][984]LogInit: FAudioDevice initialized.
[2019.09.26-18.17.02:485][984]LogLoad: Game class is 'FirstPersonGameMode_C'
[2019.09.26-18.17.02:487][984]LogWorld: Bringing World /Game/FirstPersonBP/Maps/UEDPIE_0_FirstPersonExampleMap.FirstPersonExampleMap up for play (max tick rate 0) at 2019.09.26-14.17.02
[2019.09.26-18.17.02:487][984]LogWorld: Bringing up level for play took: 0.001504
[2019.09.26-18.17.02:487][984]LogOnline: OSS: Creating online subsystem instance for: :Context_4
[2019.09.26-18.17.02:489][984]PIE: Play in editor start time for /Game/FirstPersonBP/Maps/UEDPIE_0_FirstPersonExampleMap 1.05
[2019.09.26-18.17.02:489][984]LogBlueprintUserMessages: Late PlayInEditor Detection: Level '/Game/FirstPersonBP/Maps/FirstPersonExampleMap.FirstPersonExampleMap:PersistentLevel' has LevelScriptBlueprint '/Game/FirstPersonBP/Maps/FirstPersonExampleMap.FirstPersonExampleMap:PersistentLevel.FirstPersonExampleMap' with GeneratedClass '/Game/FirstPersonBP/Maps/FirstPersonExampleMap.FirstPersonExampleMap_C' with ClassGeneratedBy '/Game/FirstPersonBP/Maps/FirstPersonExampleMap.FirstPersonExampleMap:PersistentLevel.FirstPersonExampleMap'
[2019.09.26-18.17.05:324][321]LogBlueprintUserMessages: Early EndPlayMap Detection: Level '/Game/FirstPersonBP/Maps/FirstPersonExampleMap.FirstPersonExampleMap:PersistentLevel' has LevelScriptBlueprint '/Game/FirstPersonBP/Maps/FirstPersonExampleMap.FirstPersonExampleMap:PersistentLevel.FirstPersonExampleMap' with GeneratedClass '/Game/FirstPersonBP/Maps/FirstPersonExampleMap.FirstPersonExampleMap_C' with ClassGeneratedBy '/Game/FirstPersonBP/Maps/FirstPersonExampleMap.FirstPersonExampleMap:PersistentLevel.FirstPersonExampleMap'
[2019.09.26-18.17.05:325][321]LogSlate: Updating window title bar state: overlay mode, drag disabled, window buttons hidden, title bar hidden
[2019.09.26-18.17.05:325][321]LogWorld: BeginTearingDown for /Game/FirstPersonBP/Maps/UEDPIE_0_FirstPersonExampleMap
[2019.09.26-18.17.05:325][321]LogWorld: UWorld::CleanupWorld for FirstPersonExampleMap, bSessionEnded=true, bCleanupResources=true
[2019.09.26-18.17.05:335][321]LogPlayLevel: Display: Shutting down PIE online subsystems
[2019.09.26-18.17.05:335][321]LogBlueprintUserMessages: Late EndPlayMap Detection: Level '/Game/FirstPersonBP/Maps/FirstPersonExampleMap.FirstPersonExampleMap:PersistentLevel' has LevelScriptBlueprint '/Game/FirstPersonBP/Maps/FirstPersonExampleMap.FirstPersonExampleMap:PersistentLevel.FirstPersonExampleMap' with GeneratedClass '/Game/FirstPersonBP/Maps/FirstPersonExampleMap.FirstPersonExampleMap_C' with ClassGeneratedBy '/Game/FirstPersonBP/Maps/FirstPersonExampleMap.FirstPersonExampleMap:PersistentLevel.FirstPersonExampleMap'
[2019.09.26-18.17.05:356][321]LogSlate: Updating window title bar state: overlay mode, drag disabled, window buttons hidden, title bar hidden
[2019.09.26-18.17.05:358][321]LogUObjectHash: Compacting FUObjectHashTables data took   1.13ms
[2019.09.26-18.17.05:428][329]LogPlayLevel: Display: Destroying online subsystem :Context_4
[2019.09.26-18.34.12:044][147]LogUObjectHash: Compacting FUObjectHashTables data took   0.69ms
[2019.09.26-18.34.13:283][294]LogUObjectHash: Compacting FUObjectHashTables data took   0.56ms
[2019.09.26-18.34.13:448][312]LogUObjectHash: Compacting FUObjectHashTables data took   0.60ms
[2019.09.26-18.34.13:754][347]LogUObjectHash: Compacting FUObjectHashTables data took   0.55ms
[2019.09.26-18.42.53:451][ 32]LogSlate: FSceneViewport::OnFocusLost() reason 0
[2019.09.26-18.42.56:177][359]LogEditorViewport: Clicking on Actor (LMB): StaticMeshActor (Floor)
[2019.09.26-18.42.59:673][771]LogEditorViewport: Clicking on Actor (LMB): StaticMeshActor (Wall3)
[2019.09.26-18.43.00:515][869]LogEditorViewport: Clicking on Actor (LMB): StaticMeshActor (Floor)
[2019.09.26-18.43.01:556][991]LogEditorViewport: Clicking on Actor (LMB): StaticMeshActor (Wall2)
[2019.09.26-18.43.01:931][ 33]LogEditorViewport: Clicking on Actor (LMB): BP_Sky_Sphere_C (SkySphereBlueprint)
[2019.09.26-18.44.34:903][185]LogEditorViewport: Clicking on Actor (LMB): StaticMeshActor (Floor)
[2019.09.26-18.44.41:702][995]LogSlate: FSceneViewport::OnFocusLost() reason 0
[2019.09.26-18.44.43:155][166]LogSlate: Took 0.026575 seconds to synchronously load lazily loaded font '../../../Engine/Content/Slate/Fonts/Roboto-Italic.ttf' (157K)
[2019.09.26-18.48.22:302][458]LogHttp: Warning: 000001DF9CB8A0C0: invalid HTTP response code received. URL: https://datarouter.ol.epicgames.com/datarouter/api/v1/public/data?SessionID=%7BDD7F08C3-44F3-8067-C3E4-11B55F120003%7D&AppID=UEEditor.Rocket.Release&AppVersion=4.23.0-8386587%2B%2B%2BUE4%2BRelease-4.23&UserID=bc95c7ab4c9c406bfb35558da5ff1afd%7C%7Ca8138293-721e-457a-8e91-5ec29513f4e2&AppEnvironment=datacollector-binary&UploadType=eteventstream, HTTP code: 0, content length: -1, actual payload size: 0
[2019.09.26-18.48.22:302][458]LogHttp: Warning: 000001DF9CB8A0C0: request failed, libcurl error: 0 (No error)
[2019.09.26-18.48.22:302][458]LogHttp: Warning: 000001DF9CB8A0C0: libcurl info message cache 0 (Found bundle for host datarouter.ol.epicgames.com: 0x1df85de3f70 [can pipeline])
[2019.09.26-18.48.22:302][458]LogHttp: Warning: 000001DF9CB8A0C0: libcurl info message cache 1 (Re-using existing connection! (#27) with host datarouter.ol.epicgames.com)
[2019.09.26-18.48.22:302][458]LogHttp: Warning: 000001DF9CB8A0C0: libcurl info message cache 2 (Connected to datarouter.ol.epicgames.com (3.214.239.133) port 443 (#27))
[2019.09.26-18.48.22:302][458]LogHttp: Warning: 000001DF9CB8A0C0: libcurl info message cache 3 (We are completely uploaded and fine)
[2019.09.26-18.48.22:302][458]LogHttp: Warning: 000001DF9CB8A0C0: libcurl info message cache 4 (TLSv1.2 (IN), TLS alert, Client hello (1):)
[2019.09.26-18.48.22:302][458]LogHttp: Warning: 000001DF9CB8A0C0: libcurl info message cache 5 (Connection died, retrying a fresh connect)
[2019.09.26-18.48.22:302][458]LogHttp: Warning: 000001DF9CB8A0C0: libcurl info message cache 6 (necessary data rewind wasn't possible)
[2019.09.26-18.48.22:302][458]LogHttp: Warning: 000001DF9CB8A0C0: libcurl info message cache 7 (Closing connection 27)
[2019.09.26-18.48.22:302][458]LogHttp: Warning: 000001DF9CB8A0C0: libcurl info message cache 8 (TLSv1.2 (OUT), TLS alert, Client hello (1):)
[2019.09.26-18.48.22:302][458]LogHttp: Warning: Retry exhausted on https://datarouter.ol.epicgames.com/datarouter/api/v1/public/data?SessionID=%7BDD7F08C3-44F3-8067-C3E4-11B55F120003%7D&AppID=UEEditor.Rocket.Release&AppVersion=4.23.0-8386587%2B%2B%2BUE4%2BRelease-4.23&UserID=bc95c7ab4c9c406bfb35558da5ff1afd%7C%7Ca8138293-721e-457a-8e91-5ec29513f4e2&AppEnvironment=datacollector-binary&UploadType=eteventstream
[2019.09.26-18.50.00:458][233]LogEditorViewport: Clicking on Actor (LMB): BP_Sky_Sphere_C (SkySphereBlueprint)
[2019.09.26-18.50.01:056][302]LogEditorViewport: Clicking on Actor (LMB): LightmassImportanceVolume (LightmassImportanceVolume)
[2019.09.26-18.50.02:760][489]LogEditorViewport: Clicking on Actor (LMB): PostProcessVolume (PostProcessVolume)
[2019.09.26-18.50.12:475][644]LogSlate: FSceneViewport::OnFocusLost() reason 0
[2019.09.26-18.50.18:137][322]LogSlate: FSceneViewport::OnFocusLost() reason 0
[2019.09.26-18.50.19:004][426]LogEditorViewport: Clicking on Actor (LMB): StaticMeshActor (Wall2)
[2019.09.26-18.50.19:564][489]LogEditorViewport: Clicking on Actor (LMB): StaticMeshActor (Wall2)
[2019.09.26-18.50.23:405][948]LogSlate: FSceneViewport::OnFocusLost() reason 0
[2019.09.26-18.50.24:205][ 44]LogEditorViewport: Clicking on Actor (LMB): BP_Sky_Sphere_C (SkySphereBlueprint)
[2019.09.26-18.50.34:881][320]LogEditorViewport: Clicking on Actor (LMB): StaticMeshActor (Wall2)
[2019.09.26-18.50.35:955][445]Cmd: DELETE
[2019.09.26-18.50.35:955][445]Cmd: ACTOR DELETE
[2019.09.26-18.50.35:961][445]LogEditorActor: Deleted Actor: StaticMeshActor
[2019.09.26-18.50.35:980][445]LogUObjectHash: Compacting FUObjectHashTables data took   0.63ms
[2019.09.26-18.50.35:980][445]LogEditorActor: Deleted 1 Actors (0.025 secs)
[2019.09.26-18.50.36:788][542]LogEditorViewport: Clicking on Actor (LMB): StaticMeshActor (Wall4)
[2019.09.26-18.50.36:876][549]Cmd: DELETE
[2019.09.26-18.50.36:876][549]Cmd: ACTOR DELETE
[2019.09.26-18.50.36:877][549]LogEditorActor: Deleted Actor: StaticMeshActor
[2019.09.26-18.50.36:896][549]LogUObjectHash: Compacting FUObjectHashTables data took   0.56ms
[2019.09.26-18.50.36:896][549]LogEditorActor: Deleted 1 Actors (0.020 secs)
[2019.09.26-18.50.37:809][659]LogEditorViewport: Clicking on Actor (LMB): StaticMeshActor (Wall1)
[2019.09.26-18.50.37:846][660]Cmd: DELETE
[2019.09.26-18.50.37:847][660]Cmd: ACTOR DELETE
[2019.09.26-18.50.37:848][660]LogEditorActor: Deleted Actor: StaticMeshActor
[2019.09.26-18.50.37:866][660]LogUObjectHash: Compacting FUObjectHashTables data took   0.51ms
[2019.09.26-18.50.37:867][660]LogEditorActor: Deleted 1 Actors (0.020 secs)
[2019.09.26-18.50.40:420][966]LogEditorViewport: Clicking on Actor (LMB): StaticMeshActor (Wall3)
[2019.09.26-18.50.40:500][972]Cmd: DELETE
[2019.09.26-18.50.40:500][972]Cmd: ACTOR DELETE
[2019.09.26-18.50.40:501][972]LogEditorActor: Deleted Actor: StaticMeshActor
[2019.09.26-18.50.40:519][972]LogUObjectHash: Compacting FUObjectHashTables data took   0.51ms
[2019.09.26-18.50.40:520][972]LogEditorActor: Deleted 1 Actors (0.020 secs)
[2019.09.26-18.50.41:699][114]LogEditorViewport: Clicking on Actor (LMB): StaticMeshActor (Floor)
[2019.09.26-18.50.50:854][205]LogSlate: FSceneViewport::OnFocusLost() reason 2
[2019.09.26-18.52.12:631][  4]Cmd: TRANSACTION UNDO
[2019.09.26-18.52.12:631][  4]LogEditorTransaction: Undo Clicking on Actors
[2019.09.26-18.52.14:418][214]Cmd: TRANSACTION UNDO
[2019.09.26-18.52.14:418][214]LogEditorTransaction: Undo Delete Actors
[2019.09.26-18.52.15:640][357]Cmd: TRANSACTION UNDO
[2019.09.26-18.52.15:640][357]LogEditorTransaction: Undo Clicking on Actors
[2019.09.26-18.52.16:776][493]Cmd: TRANSACTION UNDO
[2019.09.26-18.52.16:776][493]LogEditorTransaction: Undo Delete Actors
[2019.09.26-18.52.17:876][622]Cmd: TRANSACTION UNDO
[2019.09.26-18.52.17:876][622]LogEditorTransaction: Undo Clicking on Actors
[2019.09.26-18.52.19:645][834]Cmd: TRANSACTION UNDO
[2019.09.26-18.52.19:645][834]LogEditorTransaction: Undo Delete Actors
[2019.09.26-18.52.22:530][176]LogSlate: FSceneViewport::OnFocusLost() reason 5
[2019.09.26-18.52.22:795][207]LogSlate: FSceneViewport::OnFocusLost() reason 5
[2019.09.26-18.52.23:581][300]LogSlate: FSceneViewport::OnFocusLost() reason 5
[2019.09.26-18.52.24:449][404]Cmd: TRANSACTION UNDO
[2019.09.26-18.52.24:449][404]LogEditorTransaction: Undo Clicking on Actors
[2019.09.26-18.52.24:857][452]LogSlate: FSceneViewport::OnFocusLost() reason 5
[2019.09.26-18.52.25:516][531]Cmd: TRANSACTION UNDO
[2019.09.26-18.52.25:516][531]LogEditorTransaction: Undo Delete Actors
[2019.09.26-18.52.50:303][501]LogSlate: FSceneViewport::OnFocusLost() reason 5
[2019.09.26-18.52.50:346][501]LogUObjectHash: Compacting FUObjectHashTables data took   0.65ms
[2019.09.26-18.52.50:346][501]LogFileHelpers: Editor autosave (incl. sublevels) for '/Game/FirstPersonBP/Maps/FirstPersonExampleMap' took 0.020
[2019.09.26-18.57.22:310][134]LogHttp: Warning: 000001DFAA006200: invalid HTTP response code received. URL: https://datarouter.ol.epicgames.com/datarouter/api/v1/public/data?SessionID=%7BDD7F08C3-44F3-8067-C3E4-11B55F120003%7D&AppID=UEEditor.Rocket.Release&AppVersion=4.23.0-8386587%2B%2B%2BUE4%2BRelease-4.23&UserID=bc95c7ab4c9c406bfb35558da5ff1afd%7C%7Ca8138293-721e-457a-8e91-5ec29513f4e2&AppEnvironment=datacollector-binary&UploadType=eteventstream, HTTP code: 0, content length: -1, actual payload size: 0
[2019.09.26-18.57.22:310][134]LogHttp: Warning: 000001DFAA006200: request failed, libcurl error: 0 (No error)
[2019.09.26-18.57.22:310][134]LogHttp: Warning: 000001DFAA006200: libcurl info message cache 0 (Found bundle for host datarouter.ol.epicgames.com: 0x1df85de3f70 [can pipeline])
[2019.09.26-18.57.22:310][134]LogHttp: Warning: 000001DFAA006200: libcurl info message cache 1 (Re-using existing connection! (#30) with host datarouter.ol.epicgames.com)
[2019.09.26-18.57.22:310][134]LogHttp: Warning: 000001DFAA006200: libcurl info message cache 2 (Connected to datarouter.ol.epicgames.com (34.198.245.209) port 443 (#30))
[2019.09.26-18.57.22:310][134]LogHttp: Warning: 000001DFAA006200: libcurl info message cache 3 (We are completely uploaded and fine)
[2019.09.26-18.57.22:310][134]LogHttp: Warning: 000001DFAA006200: libcurl info message cache 4 (TLSv1.2 (IN), TLS alert, Client hello (1):)
[2019.09.26-18.57.22:310][134]LogHttp: Warning: 000001DFAA006200: libcurl info message cache 5 (Connection died, retrying a fresh connect)
[2019.09.26-18.57.22:310][134]LogHttp: Warning: 000001DFAA006200: libcurl info message cache 6 (necessary data rewind wasn't possible)
[2019.09.26-18.57.22:310][134]LogHttp: Warning: 000001DFAA006200: libcurl info message cache 7 (Closing connection 30)
[2019.09.26-18.57.22:310][134]LogHttp: Warning: 000001DFAA006200: libcurl info message cache 8 (TLSv1.2 (OUT), TLS alert, Client hello (1):)
[2019.09.26-18.57.22:310][134]LogHttp: Warning: Retry exhausted on https://datarouter.ol.epicgames.com/datarouter/api/v1/public/data?SessionID=%7BDD7F08C3-44F3-8067-C3E4-11B55F120003%7D&AppID=UEEditor.Rocket.Release&AppVersion=4.23.0-8386587%2B%2B%2BUE4%2BRelease-4.23&UserID=bc95c7ab4c9c406bfb35558da5ff1afd%7C%7Ca8138293-721e-457a-8e91-5ec29513f4e2&AppEnvironment=datacollector-binary&UploadType=eteventstream
[2019.09.26-18.58.35:830][756]LogSlate: FSceneViewport::OnFocusLost() reason 0
[2019.09.26-18.58.35:922][763]LogUObjectHash: Compacting FUObjectHashTables data took   0.63ms
[2019.09.26-18.58.36:031][763]LogSavePackage: Moving '../../../../../../Users/ngilston/Documents/Unreal Projects/Rec15Escape/Saved/FirstPersonExampleMapA8B74B4F491FEF877EADD6A970C8F2A3.tmp' to '../../../../../../Users/ngilston/Documents/Unreal Projects/Rec15Escape/Content/FirstPersonBP/Maps/FirstPersonExampleMap.umap'
[2019.09.26-18.58.37:065][763]LogSavePackage: Moving '../../../../../../Users/ngilston/Documents/Unreal Projects/Rec15Escape/Saved/FirstPersonExampleMap_BuiltDataEBC3ECE3405A63AD536B4BA94B0CBF5D.tmp' to '../../../../../../Users/ngilston/Documents/Unreal Projects/Rec15Escape/Content/FirstPersonBP/Maps/FirstPersonExampleMap_BuiltData.uasset'
[2019.09.26-18.58.37:971][870]LogSlate: FSceneViewport::OnFocusLost() reason 0
[2019.09.26-18.58.38:048][877]LogUObjectHash: Compacting FUObjectHashTables data took   1.47ms
[2019.09.26-19.04.00:445][ 77]LogEditorViewport: Clicking on Actor (LMB): StaticMeshActor (BigWall2)
[2019.09.26-19.04.01:225][167]LogEditorViewport: Clicking on Actor (LMB): StaticMeshActor (BigWall)
[2019.09.26-19.04.04:095][508]LogEditorViewport: Clicking on Actor (LMB): StaticMeshActor (BigWall)
[2019.09.26-19.04.04:648][573]LogEditorViewport: Clicking on Actor (LMB): StaticMeshActor (BigWall2)
[2019.09.26-19.04.05:493][671]LogEditorViewport: Clicking on Actor (LMB): PostProcessVolume (PostProcessVolume)
[2019.09.26-19.04.11:663][406]LogEditorViewport: Clicking on Actor (LMB): StaticMeshActor (BigWall)
[2019.09.26-19.06.26:068][529]LogEditorViewport: Clicking on Actor (LMB): StaticMeshActor (Floor)
[2019.09.26-19.06.27:016][639]LogEditorViewport: Clicking on Actor (LMB): StaticMeshActor (Floor)
[2019.09.26-19.06.27:811][733]LogEditorViewport: Clicking on Actor (LMB): BP_Sky_Sphere_C (SkySphereBlueprint)
[2019.09.26-19.06.30:274][ 25]LogSlate: FSceneViewport::OnFocusLost() reason 5
[2019.09.26-19.06.32:765][323]LogSlate: FSceneViewport::OnFocusLost() reason 5
[2019.09.26-19.06.35:163][610]LogSlate: FSceneViewport::OnFocusLost() reason 5
[2019.09.26-19.06.37:487][889]LogEditorViewport: Clicking on Actor (LMB): BP_Sky_Sphere_C (SkySphereBlueprint)
[2019.09.26-19.06.37:775][922]LogSlate: FSceneViewport::OnFocusLost() reason 5
[2019.09.26-19.06.39:932][180]LogSlate: FSceneViewport::OnFocusLost() reason 5
[2019.09.26-19.06.42:920][536]LogSlate: FSceneViewport::OnFocusLost() reason 5
[2019.09.26-19.06.47:267][ 56]LogSlate: FSceneViewport::OnFocusLost() reason 5
[2019.09.26-19.06.52:464][678]LogSlate: FSceneViewport::OnFocusLost() reason 5
[2019.09.26-19.06.53:046][747]LogSlate: FSceneViewport::OnFocusLost() reason 5
[2019.09.26-19.06.53:536][805]LogSlate: FSceneViewport::OnFocusLost() reason 5
[2019.09.26-19.06.58:725][427]LogSlate: FSceneViewport::OnFocusLost() reason 5
[2019.09.26-19.07.02:013][821]LogSlate: FSceneViewport::OnFocusLost() reason 5
[2019.09.26-19.07.03:775][ 32]LogSlate: FSceneViewport::OnFocusLost() reason 5
[2019.09.26-19.07.08:210][563]LogSlate: FSceneViewport::OnFocusLost() reason 5
[2019.09.26-19.07.09:559][724]LogSlate: FSceneViewport::OnFocusLost() reason 5
[2019.09.26-19.07.11:604][969]LogSlate: FSceneViewport::OnFocusLost() reason 5
[2019.09.26-19.07.14:597][328]LogSlate: FSceneViewport::OnFocusLost() reason 5
[2019.09.26-19.07.22:295][252]LogHttp: Warning: 000001DF9CEC6D40: invalid HTTP response code received. URL: https://datarouter.ol.epicgames.com/datarouter/api/v1/public/data?SessionID=%7BDD7F08C3-44F3-8067-C3E4-11B55F120003%7D&AppID=UEEditor.Rocket.Release&AppVersion=4.23.0-8386587%2B%2B%2BUE4%2BRelease-4.23&UserID=bc95c7ab4c9c406bfb35558da5ff1afd%7C%7Ca8138293-721e-457a-8e91-5ec29513f4e2&AppEnvironment=datacollector-binary&UploadType=eteventstream, HTTP code: 0, content length: -1, actual payload size: 0
[2019.09.26-19.07.22:295][252]LogHttp: Warning: 000001DF9CEC6D40: request failed, libcurl error: 0 (No error)
[2019.09.26-19.07.22:295][252]LogHttp: Warning: 000001DF9CEC6D40: libcurl info message cache 0 (Found bundle for host datarouter.ol.epicgames.com: 0x1df85de3f70 [can pipeline])
[2019.09.26-19.07.22:295][252]LogHttp: Warning: 000001DF9CEC6D40: libcurl info message cache 1 (Re-using existing connection! (#34) with host datarouter.ol.epicgames.com)
[2019.09.26-19.07.22:295][252]LogHttp: Warning: 000001DF9CEC6D40: libcurl info message cache 2 (Connected to datarouter.ol.epicgames.com (34.239.90.191) port 443 (#34))
[2019.09.26-19.07.22:295][252]LogHttp: Warning: 000001DF9CEC6D40: libcurl info message cache 3 (We are completely uploaded and fine)
[2019.09.26-19.07.22:295][252]LogHttp: Warning: 000001DF9CEC6D40: libcurl info message cache 4 (TLSv1.2 (IN), TLS alert, Client hello (1):)
[2019.09.26-19.07.22:295][252]LogHttp: Warning: 000001DF9CEC6D40: libcurl info message cache 5 (Connection died, retrying a fresh connect)
[2019.09.26-19.07.22:295][252]LogHttp: Warning: 000001DF9CEC6D40: libcurl info message cache 6 (necessary data rewind wasn't possible)
[2019.09.26-19.07.22:295][252]LogHttp: Warning: 000001DF9CEC6D40: libcurl info message cache 7 (Closing connection 34)
[2019.09.26-19.07.22:295][252]LogHttp: Warning: 000001DF9CEC6D40: libcurl info message cache 8 (TLSv1.2 (OUT), TLS alert, Client hello (1):)
[2019.09.26-19.07.22:295][252]LogHttp: Warning: Retry exhausted on https://datarouter.ol.epicgames.com/datarouter/api/v1/public/data?SessionID=%7BDD7F08C3-44F3-8067-C3E4-11B55F120003%7D&AppID=UEEditor.Rocket.Release&AppVersion=4.23.0-8386587%2B%2B%2BUE4%2BRelease-4.23&UserID=bc95c7ab4c9c406bfb35558da5ff1afd%7C%7Ca8138293-721e-457a-8e91-5ec29513f4e2&AppEnvironment=datacollector-binary&UploadType=eteventstream
